21:15:29.259 [Test worker] INFO  manager.ApplicationManager - All tests run in Chrome
21:15:31.002 [Test worker] INFO  manager.ApplicationManager - The link--->https://telranedu.web.app/home
21:15:31.034 [Test worker] INFO  manager.ListenerWD - Before FindElementS --- By.xpath: //button[text()='Sign Out']
21:15:36.118 [Test worker] INFO  manager.ListenerWD - After FindElement---By.xpath: //button[text()='Sign Out']
21:15:36.124 [Test worker] INFO  manager.ListenerWD - List of elements 0
21:15:36.130 [Test worker] INFO  manager.ListenerWD - Before FindElement --- By.cssSelector: a[href='/login']
21:15:36.181 [Test worker] INFO  manager.ListenerWD - After FindElement---By.cssSelector: a[href='/login']
21:15:36.198 [Test worker] INFO  manager.ListenerWD - Location of element---(1426, 34)
21:15:36.285 [Test worker] INFO  manager.ListenerWD - Before FindElement --- By.name: email
21:15:36.338 [Test worker] INFO  manager.ListenerWD - After FindElement---By.name: email
21:15:36.378 [Test worker] INFO  manager.ListenerWD - Location of element---(568, 250)
21:15:36.607 [Test worker] INFO  manager.ListenerWD - Before FindElement --- By.xpath: //input[last()]
21:15:36.638 [Test worker] INFO  manager.ListenerWD - After FindElement---By.xpath: //input[last()]
21:15:36.651 [Test worker] INFO  manager.ListenerWD - Location of element---(568, 320)
21:15:36.831 [Test worker] INFO  manager.ListenerWD - Before FindElement --- By.xpath: //button[text()='Login']
21:15:36.861 [Test worker] INFO  manager.ListenerWD - After FindElement---By.xpath: //button[text()='Login']
21:15:36.874 [Test worker] INFO  manager.ListenerWD - Location of element---(568, 390)
21:15:36.946 [Test worker] INFO  tests.TestBase - Name of methodaddContactSuccessAllFields
21:15:36.977 [Test worker] INFO  tests.TestBase - Tests run with data: --->Contact(name=Peter, lastName=Parker, email=peterParker@gmail.com, address=NY, phone=553285576222, description=all field)
21:15:36.977 [Test worker] INFO  manager.ListenerWD - Before FindElement --- By.cssSelector: a[href='/add']
21:15:38.005 [Test worker] INFO  manager.ListenerWD - After FindElement---By.cssSelector: a[href='/add']
21:15:38.018 [Test worker] INFO  manager.ListenerWD - Location of element---(1191, 34)
21:15:38.093 [Test worker] INFO  manager.ListenerWD - Before FindElement --- By.cssSelector: [placeholder='Name']
21:15:38.124 [Test worker] INFO  manager.ListenerWD - After FindElement---By.cssSelector: [placeholder='Name']
21:15:38.136 [Test worker] INFO  manager.ListenerWD - Location of element---(240, 165)
21:15:38.308 [Test worker] INFO  manager.ListenerWD - Before FindElement --- By.cssSelector: [placeholder='Last Name']
21:15:38.335 [Test worker] INFO  manager.ListenerWD - After FindElement---By.cssSelector: [placeholder='Last Name']
21:15:38.350 [Test worker] INFO  manager.ListenerWD - Location of element---(240, 238)
21:15:38.519 [Test worker] INFO  manager.ListenerWD - Before FindElement --- By.cssSelector: [placeholder='Phone']
21:15:38.550 [Test worker] INFO  manager.ListenerWD - After FindElement---By.cssSelector: [placeholder='Phone']
21:15:38.566 [Test worker] INFO  manager.ListenerWD - Location of element---(240, 312)
21:15:38.735 [Test worker] INFO  manager.ListenerWD - Before FindElement --- By.cssSelector: [placeholder='email']
21:15:38.764 [Test worker] INFO  manager.ListenerWD - After FindElement---By.cssSelector: [placeholder='email']
21:15:38.776 [Test worker] INFO  manager.ListenerWD - Location of element---(240, 385)
21:15:38.968 [Test worker] INFO  manager.ListenerWD - Before FindElement --- By.cssSelector: [placeholder='Address']
21:15:38.993 [Test worker] INFO  manager.ListenerWD - After FindElement---By.cssSelector: [placeholder='Address']
21:15:39.005 [Test worker] INFO  manager.ListenerWD - Location of element---(240, 459)
21:15:39.170 [Test worker] INFO  manager.ListenerWD - Before FindElement --- By.cssSelector: [placeholder='description']
21:15:39.197 [Test worker] INFO  manager.ListenerWD - After FindElement---By.cssSelector: [placeholder='description']
21:15:39.210 [Test worker] INFO  manager.ListenerWD - Location of element---(240, 533)
21:15:39.401 [Test worker] INFO  manager.ListenerWD - Before FindElement --- By.cssSelector: .add_form__2rsm2>button
21:15:39.426 [Test worker] INFO  manager.ListenerWD - After FindElement---By.cssSelector: .add_form__2rsm2>button
21:15:39.439 [Test worker] INFO  manager.ListenerWD - Location of element---(242, 606)
21:15:39.611 [Test worker] INFO  manager.ListenerWD - Before FindElement --- By.cssSelector: .add_form__2rsm2>button
21:15:39.632 [Test worker] INFO  manager.ListenerWD - After FindElement---By.cssSelector: .add_form__2rsm2>button
21:15:39.644 [Test worker] INFO  manager.ListenerWD - Location of element---(242, 606)
21:15:39.683 [Test worker] INFO  manager.ListenerWD - Before FindElementS --- By.cssSelector: h2
21:15:40.296 [Test worker] INFO  manager.ListenerWD - After FindElement---By.cssSelector: h2
21:15:40.296 [Test worker] INFO  manager.ListenerWD - List of elements 1
21:15:40.324 [Test worker] INFO  manager.ListenerWD - Before FindElementS --- By.cssSelector: h3
21:15:40.347 [Test worker] INFO  manager.ListenerWD - After FindElement---By.cssSelector: h3
21:15:40.347 [Test worker] INFO  manager.ListenerWD - List of elements 1
21:15:40.367 [Test worker] INFO  tests.TestBase - Name of methodaddContactSuccessAllFields
21:15:40.369 [Test worker] INFO  tests.TestBase - Tests run with data: --->Contact(name=PeterRequa, lastName=Parker, email=peterParkerReq@gmail.com, address=NY, phone=553285333576, description=null)
21:15:40.370 [Test worker] INFO  manager.ListenerWD - Before FindElement --- By.cssSelector: a[href='/add']
21:15:40.390 [Test worker] INFO  manager.ListenerWD - After FindElement---By.cssSelector: a[href='/add']
21:15:40.401 [Test worker] INFO  manager.ListenerWD - Location of element---(1204, 34)
21:15:40.459 [Test worker] INFO  manager.ListenerWD - Before FindElement --- By.cssSelector: [placeholder='Name']
21:15:40.483 [Test worker] INFO  manager.ListenerWD - After FindElement---By.cssSelector: [placeholder='Name']
21:15:40.497 [Test worker] INFO  manager.ListenerWD - Location of element---(240, 165)
21:15:40.689 [Test worker] INFO  manager.ListenerWD - Before FindElement --- By.cssSelector: [placeholder='Last Name']
21:15:40.712 [Test worker] INFO  manager.ListenerWD - After FindElement---By.cssSelector: [placeholder='Last Name']
21:15:40.726 [Test worker] INFO  manager.ListenerWD - Location of element---(240, 238)
21:15:40.894 [Test worker] INFO  manager.ListenerWD - Before FindElement --- By.cssSelector: [placeholder='Phone']
21:15:40.912 [Test worker] INFO  manager.ListenerWD - After FindElement---By.cssSelector: [placeholder='Phone']
21:15:40.925 [Test worker] INFO  manager.ListenerWD - Location of element---(240, 312)
21:15:41.104 [Test worker] INFO  manager.ListenerWD - Before FindElement --- By.cssSelector: [placeholder='email']
21:15:41.121 [Test worker] INFO  manager.ListenerWD - After FindElement---By.cssSelector: [placeholder='email']
21:15:41.133 [Test worker] INFO  manager.ListenerWD - Location of element---(240, 385)
21:15:41.339 [Test worker] INFO  manager.ListenerWD - Before FindElement --- By.cssSelector: [placeholder='Address']
21:15:41.357 [Test worker] INFO  manager.ListenerWD - After FindElement---By.cssSelector: [placeholder='Address']
21:15:41.370 [Test worker] INFO  manager.ListenerWD - Location of element---(240, 459)
21:15:41.544 [Test worker] INFO  manager.ListenerWD - Before FindElement --- By.cssSelector: [placeholder='description']
21:15:41.563 [Test worker] INFO  manager.ListenerWD - After FindElement---By.cssSelector: [placeholder='description']
21:15:41.577 [Test worker] INFO  manager.ListenerWD - Location of element---(240, 533)
21:15:41.723 [Test worker] INFO  manager.ListenerWD - Before FindElement --- By.cssSelector: .add_form__2rsm2>button
21:15:41.743 [Test worker] INFO  manager.ListenerWD - After FindElement---By.cssSelector: .add_form__2rsm2>button
21:15:41.755 [Test worker] INFO  manager.ListenerWD - Location of element---(242, 606)
21:15:41.848 [Test worker] INFO  manager.ListenerWD - Before FindElement --- By.cssSelector: .add_form__2rsm2>button
21:15:41.873 [Test worker] INFO  manager.ListenerWD - After FindElement---By.cssSelector: .add_form__2rsm2>button
21:15:41.883 [Test worker] INFO  manager.ListenerWD - Location of element---(242, 606)
21:15:41.924 [Test worker] INFO  manager.ListenerWD - Before FindElementS --- By.cssSelector: h2
21:15:42.421 [Test worker] INFO  manager.ListenerWD - After FindElement---By.cssSelector: h2
21:15:42.422 [Test worker] INFO  manager.ListenerWD - List of elements 2
21:15:42.456 [Test worker] INFO  manager.ListenerWD - Before FindElementS --- By.cssSelector: h3
21:15:42.498 [Test worker] INFO  manager.ListenerWD - After FindElement---By.cssSelector: h3
21:15:42.498 [Test worker] INFO  manager.ListenerWD - List of elements 2
