18:59:54.871 [Test worker] INFO  manager.ApplicationManager - All tests run in Chrome
18:59:56.923 [Test worker] INFO  manager.ApplicationManager - The link--->https://telranedu.web.app/home
18:59:56.986 [Test worker] INFO  tests.TestBase - Name of methodregistrationWrongEmail
18:59:56.990 [Test worker] INFO  manager.ListenerWD - Before FindElementS --- By.xpath: //button[text()='Sign Out']
19:00:02.009 [Test worker] INFO  manager.ListenerWD - After FindElement---By.xpath: //button[text()='Sign Out']
19:00:02.013 [Test worker] INFO  manager.ListenerWD - List of elements 0
19:00:02.018 [Test worker] INFO  manager.ListenerWD - Before FindElement --- By.cssSelector: a[href='/login']
19:00:02.072 [Test worker] INFO  manager.ListenerWD - After FindElement---By.cssSelector: a[href='/login']
19:00:02.090 [Test worker] INFO  manager.ListenerWD - Location of element---(1426, 34)
19:00:02.190 [Test worker] INFO  manager.ListenerWD - Before FindElement --- By.name: email
19:00:02.234 [Test worker] INFO  manager.ListenerWD - After FindElement---By.name: email
19:00:02.252 [Test worker] INFO  manager.ListenerWD - Location of element---(568, 250)
19:00:02.506 [Test worker] INFO  manager.ListenerWD - Before FindElement --- By.xpath: //input[last()]
19:00:02.542 [Test worker] INFO  manager.ListenerWD - After FindElement---By.xpath: //input[last()]
19:00:02.554 [Test worker] INFO  manager.ListenerWD - Location of element---(568, 320)
19:00:02.745 [Test worker] INFO  manager.ListenerWD - Before FindElement --- By.xpath: //button[text()='Registration']
19:00:02.775 [Test worker] INFO  manager.ListenerWD - After FindElement---By.xpath: //button[text()='Registration']
19:00:02.788 [Test worker] INFO  manager.ListenerWD - Location of element---(818, 390)
19:00:02.872 [Test worker] INFO  manager.ListenerWD - Huston, we have a problem
19:00:02.873 [Test worker] INFO  manager.ListenerWD - Object target---org.openqa.selenium.remote.RemoteWebDriver$RemoteTargetLocator@d4df0e
19:00:02.873 [Test worker] INFO  manager.ListenerWD - **********
19:00:02.873 [Test worker] INFO  manager.ListenerWD - Method method----alert
19:00:02.873 [Test worker] INFO  manager.ListenerWD - **********
19:00:02.874 [Test worker] INFO  manager.ListenerWD - InvocationTargetException----java.lang.reflect.InvocationTargetException
19:00:02.875 [Test worker] INFO  manager.ListenerWD - **********
19:00:02.880 [Test worker] INFO  manager.ListenerWD - InvocationTargetException----org.openqa.selenium.NoAlertPresentException: no such alert
  (Session info: chrome=112.0.5615.138)
Build info: version: '4.7.0', revision: '0a5b49d16f'
System info: os.name: 'Windows 10', os.arch: 'amd64', os.version: '10.0', java.version: '11.0.18'
Driver info: org.openqa.selenium.chrome.ChromeDriver
Command: [1a080c0c6342a779a767b142612bab5b, getAlertText {}]
Capabilities {acceptInsecureCerts: false, browserName: chrome, browserVersion: 112.0.5615.138, chrome: {chromedriverVersion: 112.0.5615.49 (bd2a7bcb881c..., userDataDir: C:\Program Files (x86)\scop...}, goog:chromeOptions: {debuggerAddress: localhost:60224}, networkConnectionEnabled: false, pageLoadStrategy: normal, platformName: WINDOWS, proxy: Proxy(), se:cdp: ws://localhost:60224/devtoo..., se:cdpVersion: 112.0.5615.138, setWindowRect: true, strictFileInteractability: false, timeouts: {implicit: 0, pageLoad: 300000, script: 30000}, unhandledPromptBehavior: dismiss and notify, webauthn:extension:credBlob: true, webauthn:extension:largeBlob: true, webauthn:extension:minPinLength: true, webauthn:extension:prf: true, webauthn:virtualAuthenticators: true}
Session ID: 1a080c0c6342a779a767b142612bab5b
19:00:02.886 [Test worker] INFO  manager.ListenerWD - **********
19:00:02.893 [Test worker] INFO  manager.ListenerWD - Screen error is---src/test/screenshots/screen1056.png
19:00:03.428 [Test worker] INFO  manager.ListenerWD - Huston, we have a problem
19:00:03.429 [Test worker] INFO  manager.ListenerWD - Object target---org.openqa.selenium.remote.RemoteWebDriver$RemoteTargetLocator@af7e376
19:00:03.429 [Test worker] INFO  manager.ListenerWD - **********
19:00:03.429 [Test worker] INFO  manager.ListenerWD - Method method----alert
19:00:03.430 [Test worker] INFO  manager.ListenerWD - **********
19:00:03.430 [Test worker] INFO  manager.ListenerWD - InvocationTargetException----java.lang.reflect.InvocationTargetException
19:00:03.430 [Test worker] INFO  manager.ListenerWD - **********
19:00:03.430 [Test worker] INFO  manager.ListenerWD - InvocationTargetException----org.openqa.selenium.NoAlertPresentException: no such alert
  (Session info: chrome=112.0.5615.138)
Build info: version: '4.7.0', revision: '0a5b49d16f'
System info: os.name: 'Windows 10', os.arch: 'amd64', os.version: '10.0', java.version: '11.0.18'
Driver info: org.openqa.selenium.chrome.ChromeDriver
Command: [1a080c0c6342a779a767b142612bab5b, getAlertText {}]
Capabilities {acceptInsecureCerts: false, browserName: chrome, browserVersion: 112.0.5615.138, chrome: {chromedriverVersion: 112.0.5615.49 (bd2a7bcb881c..., userDataDir: C:\Program Files (x86)\scop...}, goog:chromeOptions: {debuggerAddress: localhost:60224}, networkConnectionEnabled: false, pageLoadStrategy: normal, platformName: WINDOWS, proxy: Proxy(), se:cdp: ws://localhost:60224/devtoo..., se:cdpVersion: 112.0.5615.138, setWindowRect: true, strictFileInteractability: false, timeouts: {implicit: 0, pageLoad: 300000, script: 30000}, unhandledPromptBehavior: dismiss and notify, webauthn:extension:credBlob: true, webauthn:extension:largeBlob: true, webauthn:extension:minPinLength: true, webauthn:extension:prf: true, webauthn:virtualAuthenticators: true}
Session ID: 1a080c0c6342a779a767b142612bab5b
19:00:03.431 [Test worker] INFO  manager.ListenerWD - **********
19:00:03.431 [Test worker] INFO  manager.ListenerWD - Screen error is---src/test/screenshots/screen1149.png
