14:48:41.348 [Test worker] INFO  manager.ApplicationManager - All tests run in Chrome
14:48:42.860 [Test worker] INFO  manager.ApplicationManager - The link--->https://telranedu.web.app/home
14:48:50.265 [Test worker] INFO  tests.TestBase - Name of methodaddContactSuccessAllFields
14:49:10.747 [Test worker] INFO  tests.TestBase - Name of methodaddContactSuccessRequiredFields
14:49:23.910 [Test worker] INFO  tests.TestBase - Name of methodaddNewContactWrongAddress
14:49:36.490 [Test worker] INFO  tests.TestBase - Name of methodaddNewContactWrongEmail
14:49:46.672 [Test worker] INFO  tests.TestBase - Name of methodaddNewContactWrongLastName
14:49:58.598 [Test worker] INFO  tests.TestBase - Name of methodaddNewContactWrongName
14:50:21.182 [Test worker] INFO  tests.TestBase - Name of methodaddNewContactWrongPhone
14:50:39.338 [Test worker] INFO  tests.TestBase - Name of methodloginSuccess
14:50:39.533 [Test worker] INFO  tests.TestBase - before method finish logout
14:50:39.536 [Test worker] INFO  tests.TestBase - Start test 'loginSuccess'
14:50:39.537 [Test worker] INFO  tests.TestBase - Test data --> email: 'qwerty@mail.com' & password 'Ff12345$'
14:50:41.510 [Test worker] INFO  tests.TestBase - Assert check is Element button 'Sign Out' is present
14:50:41.514 [Test worker] INFO  tests.TestBase - Name of methodloginSuccessModel
14:50:41.626 [Test worker] INFO  tests.TestBase - before method finish logout
14:50:41.638 [Test worker] INFO  tests.TestBase - Start test 'loginSuccessModel'
14:50:41.639 [Test worker] INFO  tests.TestBase - Test data --> email: 'qwerty@mail.com' & password 'Ff12345$'
14:50:43.116 [Test worker] INFO  tests.TestBase - Assert check is Element button 'Sign Out' is present
14:50:43.119 [Test worker] INFO  tests.TestBase - Name of methodloginUnregisteredUser
14:50:43.239 [Test worker] INFO  tests.TestBase - before method finish logout
14:50:43.246 [Test worker] INFO  tests.TestBase - Start test 'loginUnregisteredUser'
14:50:43.247 [Test worker] INFO  tests.TestBase - Test data --> email: 'pop2@mail.com' & password 'Ff12345$'
14:50:50.378 [Test worker] INFO  tests.TestBase - Assert check is Alert 'Wrong email or password' is present
14:50:50.382 [Test worker] INFO  tests.TestBase - Name of methodloginWrongEmail
14:50:55.421 [Test worker] INFO  tests.TestBase - Start test 'loginWrongEmail'
14:50:55.422 [Test worker] INFO  tests.TestBase - Test data --> email: 'qwertymail.com' & password 'Ff12345$'
14:51:02.246 [Test worker] INFO  tests.TestBase - Assert check is Alert 'Wrong email or password' is present
14:51:02.250 [Test worker] INFO  tests.TestBase - Name of methodloginWrongPassword
14:51:07.277 [Test worker] INFO  tests.TestBase - Start test 'loginWrongPassword'
14:51:07.277 [Test worker] INFO  tests.TestBase - Test data --> email: 'qwerty@mail.com' & password 'Ff123'
14:51:14.010 [Test worker] INFO  tests.TestBase - Assert check is Alert 'Wrong email or password' is present
14:51:14.014 [Test worker] INFO  tests.TestBase - Name of methodregistrationRegisteredUser
14:51:25.810 [Test worker] INFO  tests.TestBase - Name of methodregistrationSuccess
14:51:32.917 [Test worker] INFO  tests.TestBase - Name of methodregistrationWrongEmail
14:51:34.301 [Test worker] INFO  tests.TestBase - Name of methodregistrationWrongPassword
14:51:34.331 [Test worker] INFO  tests.TestBase - Name of methodremoveAllContacts
14:52:36.629 [Test worker] INFO  tests.TestBase - Name of methodremoveFirstContact
