19:14:45.237 [Test worker] INFO  manager.ApplicationManager - All tests run in Chrome
19:14:47.470 [Test worker] INFO  manager.ApplicationManager - The link--->https://telranedu.web.app/home
19:14:47.535 [Test worker] INFO  tests.TestBase - Name of methodloginSuccess
19:14:47.538 [Test worker] INFO  manager.ListenerWD - Before FindElementS --- By.xpath: //button[text()='Sign Out']
19:14:52.619 [Test worker] INFO  manager.ListenerWD - After FindElement---By.xpath: //button[text()='Sign Out']
19:14:52.623 [Test worker] INFO  manager.ListenerWD - List of elements 0
19:14:52.625 [Test worker] INFO  tests.TestBase - Start test 'loginSuccess'
19:14:52.626 [Test worker] INFO  tests.TestBase - Test data --> email: 'qwerty@mail.com' & password 'Ff12345$'
19:14:52.627 [Test worker] INFO  manager.ListenerWD - Before FindElement --- By.cssSelector: a[href='/login']
19:14:52.672 [Test worker] INFO  manager.ListenerWD - After FindElement---By.cssSelector: a[href='/login']
19:14:52.694 [Test worker] INFO  manager.ListenerWD - Location of element---(1426, 34)
19:14:52.788 [Test worker] INFO  manager.ListenerWD - Before FindElement --- By.name: email
19:14:52.868 [Test worker] INFO  manager.ListenerWD - After FindElement---By.name: email
19:14:52.892 [Test worker] INFO  manager.ListenerWD - Location of element---(568, 250)
19:14:53.135 [Test worker] INFO  manager.ListenerWD - Before FindElement --- By.xpath: //input[last()]
19:14:53.167 [Test worker] INFO  manager.ListenerWD - After FindElement---By.xpath: //input[last()]
19:14:53.181 [Test worker] INFO  manager.ListenerWD - Location of element---(568, 320)
19:14:53.387 [Test worker] INFO  manager.ListenerWD - Before FindElement --- By.xpath: //button[text()='Login']
19:14:53.422 [Test worker] INFO  manager.ListenerWD - After FindElement---By.xpath: //button[text()='Login']
19:14:53.435 [Test worker] INFO  manager.ListenerWD - Location of element---(568, 390)
19:14:53.483 [Test worker] INFO  manager.ListenerWD - Before FindElementS --- By.xpath: //button[text()='Sign Out']
19:14:54.570 [Test worker] INFO  manager.ListenerWD - After FindElement---By.xpath: //button[text()='Sign Out']
19:14:54.571 [Test worker] INFO  manager.ListenerWD - List of elements 1
19:14:54.573 [Test worker] INFO  tests.TestBase - Assert check is Element button 'Sign Out' is present
19:14:54.580 [Test worker] INFO  tests.TestBase - Name of methodloginSuccessModel
19:14:54.581 [Test worker] INFO  manager.ListenerWD - Before FindElementS --- By.xpath: //button[text()='Sign Out']
19:14:54.626 [Test worker] INFO  manager.ListenerWD - After FindElement---By.xpath: //button[text()='Sign Out']
19:14:54.627 [Test worker] INFO  manager.ListenerWD - List of elements 1
19:14:54.627 [Test worker] INFO  manager.ListenerWD - Before FindElement --- By.xpath: //button[text() = 'Sign Out']
19:14:54.666 [Test worker] INFO  manager.ListenerWD - After FindElement---By.xpath: //button[text() = 'Sign Out']
19:14:54.686 [Test worker] INFO  manager.ListenerWD - Location of element---(1412, 39)
19:14:54.739 [Test worker] INFO  tests.TestBase - before method finish logout
19:14:54.740 [Test worker] INFO  tests.TestBase - Start test 'loginSuccessModel'
19:14:54.741 [Test worker] INFO  tests.TestBase - Test data --> email: 'qwerty@mail.com' & password 'Ff12345$'
19:14:54.742 [Test worker] INFO  manager.ListenerWD - Before FindElement --- By.cssSelector: a[href='/login']
19:14:54.768 [Test worker] INFO  manager.ListenerWD - After FindElement---By.cssSelector: a[href='/login']
19:14:54.779 [Test worker] INFO  manager.ListenerWD - Location of element---(1425, 33)
19:14:54.838 [Test worker] INFO  manager.ListenerWD - Before FindElement --- By.name: email
19:14:54.871 [Test worker] INFO  manager.ListenerWD - After FindElement---By.name: email
19:14:54.882 [Test worker] INFO  manager.ListenerWD - Location of element---(568, 250)
19:14:55.072 [Test worker] INFO  manager.ListenerWD - Before FindElement --- By.xpath: //input[last()]
19:14:55.095 [Test worker] INFO  manager.ListenerWD - After FindElement---By.xpath: //input[last()]
19:14:55.108 [Test worker] INFO  manager.ListenerWD - Location of element---(568, 320)
19:14:55.295 [Test worker] INFO  manager.ListenerWD - Before FindElement --- By.xpath: //button[text()='Login']
19:14:55.320 [Test worker] INFO  manager.ListenerWD - After FindElement---By.xpath: //button[text()='Login']
19:14:55.333 [Test worker] INFO  manager.ListenerWD - Location of element---(568, 390)
19:14:55.374 [Test worker] INFO  manager.ListenerWD - Before FindElementS --- By.xpath: //button[text()='Sign Out']
19:14:55.685 [Test worker] INFO  manager.ListenerWD - After FindElement---By.xpath: //button[text()='Sign Out']
19:14:55.687 [Test worker] INFO  manager.ListenerWD - List of elements 1
19:14:55.687 [Test worker] INFO  tests.TestBase - Assert check is Element button 'Sign Out' is present
19:14:55.689 [Test worker] INFO  tests.TestBase - Name of methodloginUnregisteredUser
19:14:55.693 [Test worker] INFO  manager.ListenerWD - Before FindElementS --- By.xpath: //button[text()='Sign Out']
19:14:55.723 [Test worker] INFO  manager.ListenerWD - After FindElement---By.xpath: //button[text()='Sign Out']
19:14:55.724 [Test worker] INFO  manager.ListenerWD - List of elements 1
19:14:55.724 [Test worker] INFO  manager.ListenerWD - Before FindElement --- By.xpath: //button[text() = 'Sign Out']
19:14:55.747 [Test worker] INFO  manager.ListenerWD - After FindElement---By.xpath: //button[text() = 'Sign Out']
19:14:55.760 [Test worker] INFO  manager.ListenerWD - Location of element---(1412, 39)
19:14:55.809 [Test worker] INFO  tests.TestBase - before method finish logout
19:14:55.812 [Test worker] INFO  tests.TestBase - Start test 'loginUnregisteredUser'
19:14:55.812 [Test worker] INFO  tests.TestBase - Test data --> email: 'pop2@mail.com' & password 'Ff12345$'
19:14:55.812 [Test worker] INFO  manager.ListenerWD - Before FindElement --- By.cssSelector: a[href='/login']
19:14:55.837 [Test worker] INFO  manager.ListenerWD - After FindElement---By.cssSelector: a[href='/login']
19:14:55.852 [Test worker] INFO  manager.ListenerWD - Location of element---(1425, 33)
19:14:55.899 [Test worker] INFO  manager.ListenerWD - Before FindElement --- By.name: email
19:14:55.917 [Test worker] INFO  manager.ListenerWD - After FindElement---By.name: email
19:14:55.927 [Test worker] INFO  manager.ListenerWD - Location of element---(568, 250)
19:14:56.106 [Test worker] INFO  manager.ListenerWD - Before FindElement --- By.xpath: //input[last()]
19:14:56.124 [Test worker] INFO  manager.ListenerWD - After FindElement---By.xpath: //input[last()]
19:14:56.136 [Test worker] INFO  manager.ListenerWD - Location of element---(568, 320)
19:14:56.311 [Test worker] INFO  manager.ListenerWD - Before FindElement --- By.xpath: //button[text()='Login']
19:14:56.335 [Test worker] INFO  manager.ListenerWD - After FindElement---By.xpath: //button[text()='Login']
19:14:56.346 [Test worker] INFO  manager.ListenerWD - Location of element---(568, 390)
19:15:01.971 [Test worker] INFO  tests.TestBase - Assert check is Alert 'Wrong email or password' is present
19:15:01.974 [Test worker] INFO  tests.TestBase - Name of methodloginWrongEmail
19:15:01.977 [Test worker] INFO  manager.ListenerWD - Before FindElementS --- By.xpath: //button[text()='Sign Out']
19:15:07.058 [Test worker] INFO  manager.ListenerWD - After FindElement---By.xpath: //button[text()='Sign Out']
19:15:07.058 [Test worker] INFO  manager.ListenerWD - List of elements 0
19:15:07.059 [Test worker] INFO  tests.TestBase - Start test 'loginWrongEmail'
19:15:07.059 [Test worker] INFO  tests.TestBase - Test data --> email: 'qwertymail.com' & password 'Ff12345$'
19:15:07.059 [Test worker] INFO  manager.ListenerWD - Before FindElement --- By.cssSelector: a[href='/login']
19:15:07.078 [Test worker] INFO  manager.ListenerWD - After FindElement---By.cssSelector: a[href='/login']
19:15:07.090 [Test worker] INFO  manager.ListenerWD - Location of element---(1425, 33)
19:15:07.153 [Test worker] INFO  manager.ListenerWD - Before FindElement --- By.name: email
19:15:07.174 [Test worker] INFO  manager.ListenerWD - After FindElement---By.name: email
19:15:07.188 [Test worker] INFO  manager.ListenerWD - Location of element---(568, 281)
19:15:07.429 [Test worker] INFO  manager.ListenerWD - Before FindElement --- By.xpath: //input[last()]
19:15:07.447 [Test worker] INFO  manager.ListenerWD - After FindElement---By.xpath: //input[last()]
19:15:07.457 [Test worker] INFO  manager.ListenerWD - Location of element---(568, 351)
19:15:07.647 [Test worker] INFO  manager.ListenerWD - Before FindElement --- By.xpath: //button[text()='Login']
19:15:07.664 [Test worker] INFO  manager.ListenerWD - After FindElement---By.xpath: //button[text()='Login']
19:15:07.676 [Test worker] INFO  manager.ListenerWD - Location of element---(568, 421)
19:15:13.814 [Test worker] INFO  tests.TestBase - Assert check is Alert 'Wrong email or password' is present
19:15:13.816 [Test worker] INFO  tests.TestBase - Name of methodloginWrongPassword
19:15:13.817 [Test worker] INFO  manager.ListenerWD - Before FindElementS --- By.xpath: //button[text()='Sign Out']
19:15:18.833 [Test worker] INFO  manager.ListenerWD - After FindElement---By.xpath: //button[text()='Sign Out']
19:15:18.834 [Test worker] INFO  manager.ListenerWD - List of elements 0
19:15:18.836 [Test worker] INFO  tests.TestBase - Start test 'loginWrongPassword'
19:15:18.837 [Test worker] INFO  tests.TestBase - Test data --> email: 'qwerty@mail.com' & password 'Ff123'
19:15:18.837 [Test worker] INFO  manager.ListenerWD - Before FindElement --- By.cssSelector: a[href='/login']
19:15:18.857 [Test worker] INFO  manager.ListenerWD - After FindElement---By.cssSelector: a[href='/login']
19:15:18.868 [Test worker] INFO  manager.ListenerWD - Location of element---(1425, 33)
19:15:18.917 [Test worker] INFO  manager.ListenerWD - Before FindElement --- By.name: email
19:15:18.937 [Test worker] INFO  manager.ListenerWD - After FindElement---By.name: email
19:15:18.950 [Test worker] INFO  manager.ListenerWD - Location of element---(568, 281)
19:15:19.157 [Test worker] INFO  manager.ListenerWD - Before FindElement --- By.xpath: //input[last()]
19:15:19.174 [Test worker] INFO  manager.ListenerWD - After FindElement---By.xpath: //input[last()]
19:15:19.190 [Test worker] INFO  manager.ListenerWD - Location of element---(568, 351)
19:15:19.386 [Test worker] INFO  manager.ListenerWD - Before FindElement --- By.xpath: //button[text()='Login']
19:15:19.408 [Test worker] INFO  manager.ListenerWD - After FindElement---By.xpath: //button[text()='Login']
19:15:19.423 [Test worker] INFO  manager.ListenerWD - Location of element---(568, 421)
19:15:25.540 [Test worker] INFO  tests.TestBase - Assert check is Alert 'Wrong email or password' is present
