19:19:40.215 [Test worker] INFO  manager.ApplicationManager - All tests run in Chrome
19:19:42.750 [Test worker] INFO  manager.ApplicationManager - The link--->https://telranedu.web.app/home
19:19:42.829 [Test worker] INFO  tests.TestBase - Name of methodregistrationRegisteredUser
19:19:42.838 [Test worker] INFO  manager.ListenerWD - Before FindElementS --- By.xpath: //button[text()='Sign Out']
19:19:47.912 [Test worker] INFO  manager.ListenerWD - After FindElement---By.xpath: //button[text()='Sign Out']
19:19:47.918 [Test worker] INFO  manager.ListenerWD - List of elements 0
19:19:47.923 [Test worker] INFO  manager.ListenerWD - Before FindElement --- By.cssSelector: a[href='/login']
19:19:47.975 [Test worker] INFO  manager.ListenerWD - After FindElement---By.cssSelector: a[href='/login']
19:19:47.994 [Test worker] INFO  manager.ListenerWD - Location of element---(1426, 34)
19:19:48.071 [Test worker] INFO  manager.ListenerWD - Before FindElement --- By.name: email
19:19:48.179 [Test worker] INFO  manager.ListenerWD - After FindElement---By.name: email
19:19:48.227 [Test worker] INFO  manager.ListenerWD - Location of element---(568, 250)
19:19:48.650 [Test worker] INFO  manager.ListenerWD - Before FindElement --- By.xpath: //input[last()]
19:19:48.696 [Test worker] INFO  manager.ListenerWD - After FindElement---By.xpath: //input[last()]
19:19:48.713 [Test worker] INFO  manager.ListenerWD - Location of element---(568, 320)
19:19:49.031 [Test worker] INFO  manager.ListenerWD - Before FindElement --- By.xpath: //button[text()='Registration']
19:19:49.075 [Test worker] INFO  manager.ListenerWD - After FindElement---By.xpath: //button[text()='Registration']
19:19:49.095 [Test worker] INFO  manager.ListenerWD - Location of element---(818, 390)
19:19:49.205 [Test worker] INFO  manager.ListenerWD - Huston, we have a problem
19:19:49.206 [Test worker] INFO  manager.ListenerWD - Object target---org.openqa.selenium.remote.RemoteWebDriver$RemoteTargetLocator@7c20cdd0
19:19:49.207 [Test worker] INFO  manager.ListenerWD - **********
19:19:49.208 [Test worker] INFO  manager.ListenerWD - Method method----alert
19:19:49.208 [Test worker] INFO  manager.ListenerWD - **********
19:19:49.209 [Test worker] INFO  manager.ListenerWD - InvocationTargetException----java.lang.reflect.InvocationTargetException
19:19:49.209 [Test worker] INFO  manager.ListenerWD - **********
19:19:49.212 [Test worker] INFO  manager.ListenerWD - InvocationTargetException----org.openqa.selenium.NoAlertPresentException: no such alert
  (Session info: chrome=112.0.5615.138)
Build info: version: '4.7.0', revision: '0a5b49d16f'
System info: os.name: 'Windows 10', os.arch: 'amd64', os.version: '10.0', java.version: '11.0.18'
Driver info: org.openqa.selenium.chrome.ChromeDriver
Command: [ed0f6dab1763f5554ff5f41ec0539f29, getAlertText {}]
Capabilities {acceptInsecureCerts: false, browserName: chrome, browserVersion: 112.0.5615.138, chrome: {chromedriverVersion: 112.0.5615.49 (bd2a7bcb881c..., userDataDir: C:\Program Files (x86)\scop...}, goog:chromeOptions: {debuggerAddress: localhost:61540}, networkConnectionEnabled: false, pageLoadStrategy: normal, platformName: WINDOWS, proxy: Proxy(), se:cdp: ws://localhost:61540/devtoo..., se:cdpVersion: 112.0.5615.138, setWindowRect: true, strictFileInteractability: false, timeouts: {implicit: 0, pageLoad: 300000, script: 30000}, unhandledPromptBehavior: dismiss and notify, webauthn:extension:credBlob: true, webauthn:extension:largeBlob: true, webauthn:extension:minPinLength: true, webauthn:extension:prf: true, webauthn:virtualAuthenticators: true}
Session ID: ed0f6dab1763f5554ff5f41ec0539f29
19:19:49.213 [Test worker] INFO  manager.ListenerWD - **********
19:19:49.221 [Test worker] INFO  manager.ListenerWD - Screen error is---src/test/screenshots/screen1254.png
19:19:49.762 [Test worker] INFO  manager.ListenerWD - Huston, we have a problem
19:19:49.763 [Test worker] INFO  manager.ListenerWD - Object target---org.openqa.selenium.remote.RemoteWebDriver$RemoteTargetLocator@467233e4
19:19:49.763 [Test worker] INFO  manager.ListenerWD - **********
19:19:49.763 [Test worker] INFO  manager.ListenerWD - Method method----alert
19:19:49.764 [Test worker] INFO  manager.ListenerWD - **********
19:19:49.764 [Test worker] INFO  manager.ListenerWD - InvocationTargetException----java.lang.reflect.InvocationTargetException
19:19:49.764 [Test worker] INFO  manager.ListenerWD - **********
19:19:49.765 [Test worker] INFO  manager.ListenerWD - InvocationTargetException----org.openqa.selenium.NoAlertPresentException: no such alert
  (Session info: chrome=112.0.5615.138)
Build info: version: '4.7.0', revision: '0a5b49d16f'
System info: os.name: 'Windows 10', os.arch: 'amd64', os.version: '10.0', java.version: '11.0.18'
Driver info: org.openqa.selenium.chrome.ChromeDriver
Command: [ed0f6dab1763f5554ff5f41ec0539f29, getAlertText {}]
Capabilities {acceptInsecureCerts: false, browserName: chrome, browserVersion: 112.0.5615.138, chrome: {chromedriverVersion: 112.0.5615.49 (bd2a7bcb881c..., userDataDir: C:\Program Files (x86)\scop...}, goog:chromeOptions: {debuggerAddress: localhost:61540}, networkConnectionEnabled: false, pageLoadStrategy: normal, platformName: WINDOWS, proxy: Proxy(), se:cdp: ws://localhost:61540/devtoo..., se:cdpVersion: 112.0.5615.138, setWindowRect: true, strictFileInteractability: false, timeouts: {implicit: 0, pageLoad: 300000, script: 30000}, unhandledPromptBehavior: dismiss and notify, webauthn:extension:credBlob: true, webauthn:extension:largeBlob: true, webauthn:extension:minPinLength: true, webauthn:extension:prf: true, webauthn:virtualAuthenticators: true}
Session ID: ed0f6dab1763f5554ff5f41ec0539f29
19:19:49.765 [Test worker] INFO  manager.ListenerWD - **********
19:19:49.766 [Test worker] INFO  manager.ListenerWD - Screen error is---src/test/screenshots/screen1905.png
19:19:50.337 [Test worker] INFO  tests.TestBase - Name of methodregistrationSuccess
19:19:50.338 [Test worker] INFO  manager.ListenerWD - Before FindElementS --- By.xpath: //button[text()='Sign Out']
19:19:55.347 [Test worker] INFO  manager.ListenerWD - After FindElement---By.xpath: //button[text()='Sign Out']
19:19:55.348 [Test worker] INFO  manager.ListenerWD - List of elements 0
19:19:55.350 [Test worker] INFO  manager.ListenerWD - Before FindElement --- By.cssSelector: a[href='/login']
19:19:55.375 [Test worker] INFO  manager.ListenerWD - After FindElement---By.cssSelector: a[href='/login']
19:19:55.395 [Test worker] INFO  manager.ListenerWD - Location of element---(1425, 33)
19:19:55.442 [Test worker] INFO  manager.ListenerWD - Before FindElement --- By.name: email
19:19:55.468 [Test worker] INFO  manager.ListenerWD - After FindElement---By.name: email
19:19:55.485 [Test worker] INFO  manager.ListenerWD - Location of element---(568, 281)
19:19:55.801 [Test worker] INFO  manager.ListenerWD - Before FindElement --- By.xpath: //input[last()]
19:19:55.825 [Test worker] INFO  manager.ListenerWD - After FindElement---By.xpath: //input[last()]
19:19:55.840 [Test worker] INFO  manager.ListenerWD - Location of element---(568, 351)
19:19:56.038 [Test worker] INFO  manager.ListenerWD - Before FindElement --- By.xpath: //button[text()='Registration']
19:19:56.060 [Test worker] INFO  manager.ListenerWD - After FindElement---By.xpath: //button[text()='Registration']
19:19:56.073 [Test worker] INFO  manager.ListenerWD - Location of element---(818, 421)
19:19:56.116 [Test worker] INFO  manager.ListenerWD - Before FindElementS --- By.xpath: //button[text()='Sign Out']
19:19:56.470 [Test worker] INFO  manager.ListenerWD - After FindElement---By.xpath: //button[text()='Sign Out']
19:19:56.470 [Test worker] INFO  manager.ListenerWD - List of elements 1
19:19:56.470 [Test worker] INFO  manager.ListenerWD - Before FindElement --- By.cssSelector: .contact-page_message__2qafk>h1
19:19:56.784 [Test worker] INFO  manager.ListenerWD - After FindElement---By.cssSelector: .contact-page_message__2qafk>h1
19:19:56.800 [Test worker] INFO  manager.ListenerWD - Location of element---(633, 271)
19:19:56.825 [Test worker] INFO  manager.ListenerWD - Before FindElement --- By.cssSelector: .contact-page_message__2qafk>h1
19:19:56.847 [Test worker] INFO  manager.ListenerWD - After FindElement---By.cssSelector: .contact-page_message__2qafk>h1
19:19:56.858 [Test worker] INFO  manager.ListenerWD - Location of element---(633, 271)
19:19:56.890 [Test worker] INFO  manager.ListenerWD - Before FindElement --- By.cssSelector: .contact-page_message__2qafk>h1
19:19:56.910 [Test worker] INFO  manager.ListenerWD - After FindElement---By.cssSelector: .contact-page_message__2qafk>h1
19:19:56.921 [Test worker] INFO  manager.ListenerWD - Location of element---(633, 271)
19:19:56.935 [Test worker] INFO  tests.TestBase - Name of methodregistrationWrongEmail
19:19:56.936 [Test worker] INFO  manager.ListenerWD - Before FindElementS --- By.xpath: //button[text()='Sign Out']
19:19:56.957 [Test worker] INFO  manager.ListenerWD - After FindElement---By.xpath: //button[text()='Sign Out']
19:19:56.958 [Test worker] INFO  manager.ListenerWD - List of elements 1
19:20:01.966 [Test worker] INFO  manager.ListenerWD - Before FindElement --- By.xpath: //button[text() = 'Sign Out']
19:20:01.993 [Test worker] INFO  manager.ListenerWD - After FindElement---By.xpath: //button[text() = 'Sign Out']
19:20:02.007 [Test worker] INFO  manager.ListenerWD - Location of element---(1428, 39)
19:20:02.076 [Test worker] INFO  manager.ListenerWD - Before FindElement --- By.cssSelector: a[href='/login']
19:20:02.105 [Test worker] INFO  manager.ListenerWD - After FindElement---By.cssSelector: a[href='/login']
19:20:02.119 [Test worker] INFO  manager.ListenerWD - Location of element---(1425, 33)
19:20:02.162 [Test worker] INFO  manager.ListenerWD - Before FindElement --- By.name: email
19:20:02.185 [Test worker] INFO  manager.ListenerWD - After FindElement---By.name: email
19:20:02.197 [Test worker] INFO  manager.ListenerWD - Location of element---(568, 250)
19:20:02.379 [Test worker] INFO  manager.ListenerWD - Before FindElement --- By.xpath: //input[last()]
19:20:02.404 [Test worker] INFO  manager.ListenerWD - After FindElement---By.xpath: //input[last()]
19:20:02.417 [Test worker] INFO  manager.ListenerWD - Location of element---(568, 320)
19:20:02.623 [Test worker] INFO  manager.ListenerWD - Before FindElement --- By.xpath: //button[text()='Registration']
19:20:02.643 [Test worker] INFO  manager.ListenerWD - After FindElement---By.xpath: //button[text()='Registration']
19:20:02.658 [Test worker] INFO  manager.ListenerWD - Location of element---(818, 390)
19:20:02.720 [Test worker] INFO  manager.ListenerWD - Huston, we have a problem
19:20:02.720 [Test worker] INFO  manager.ListenerWD - Object target---org.openqa.selenium.remote.RemoteWebDriver$RemoteTargetLocator@834e986
19:20:02.721 [Test worker] INFO  manager.ListenerWD - **********
19:20:02.721 [Test worker] INFO  manager.ListenerWD - Method method----alert
19:20:02.721 [Test worker] INFO  manager.ListenerWD - **********
19:20:02.721 [Test worker] INFO  manager.ListenerWD - InvocationTargetException----java.lang.reflect.InvocationTargetException
19:20:02.721 [Test worker] INFO  manager.ListenerWD - **********
19:20:02.721 [Test worker] INFO  manager.ListenerWD - InvocationTargetException----org.openqa.selenium.NoAlertPresentException: no such alert
  (Session info: chrome=112.0.5615.138)
Build info: version: '4.7.0', revision: '0a5b49d16f'
System info: os.name: 'Windows 10', os.arch: 'amd64', os.version: '10.0', java.version: '11.0.18'
Driver info: org.openqa.selenium.chrome.ChromeDriver
Command: [ed0f6dab1763f5554ff5f41ec0539f29, getAlertText {}]
Capabilities {acceptInsecureCerts: false, browserName: chrome, browserVersion: 112.0.5615.138, chrome: {chromedriverVersion: 112.0.5615.49 (bd2a7bcb881c..., userDataDir: C:\Program Files (x86)\scop...}, goog:chromeOptions: {debuggerAddress: localhost:61540}, networkConnectionEnabled: false, pageLoadStrategy: normal, platformName: WINDOWS, proxy: Proxy(), se:cdp: ws://localhost:61540/devtoo..., se:cdpVersion: 112.0.5615.138, setWindowRect: true, strictFileInteractability: false, timeouts: {implicit: 0, pageLoad: 300000, script: 30000}, unhandledPromptBehavior: dismiss and notify, webauthn:extension:credBlob: true, webauthn:extension:largeBlob: true, webauthn:extension:minPinLength: true, webauthn:extension:prf: true, webauthn:virtualAuthenticators: true}
Session ID: ed0f6dab1763f5554ff5f41ec0539f29
19:20:02.722 [Test worker] INFO  manager.ListenerWD - **********
19:20:02.722 [Test worker] INFO  manager.ListenerWD - Screen error is---src/test/screenshots/screen1140.png
19:20:06.267 [Test worker] INFO  tests.TestBase - Name of methodregistrationWrongPassword
19:20:06.269 [Test worker] INFO  manager.ListenerWD - Before FindElementS --- By.xpath: //button[text()='Sign Out']
19:20:11.329 [Test worker] INFO  manager.ListenerWD - After FindElement---By.xpath: //button[text()='Sign Out']
19:20:11.330 [Test worker] INFO  manager.ListenerWD - List of elements 0
19:20:11.341 [Test worker] INFO  tests.TestBase - Tests run with data: --->User{, email='pop@gmail.com', password='pop12345$'}
19:20:11.341 [Test worker] INFO  manager.ListenerWD - Before FindElement --- By.cssSelector: a[href='/login']
19:20:11.357 [Test worker] INFO  manager.ListenerWD - After FindElement---By.cssSelector: a[href='/login']
19:20:11.368 [Test worker] INFO  manager.ListenerWD - Location of element---(1425, 33)
19:20:11.416 [Test worker] INFO  manager.ListenerWD - Before FindElement --- By.name: email
19:20:11.439 [Test worker] INFO  manager.ListenerWD - After FindElement---By.name: email
19:20:11.453 [Test worker] INFO  manager.ListenerWD - Location of element---(568, 281)
19:20:11.669 [Test worker] INFO  manager.ListenerWD - Before FindElement --- By.xpath: //input[last()]
19:20:11.690 [Test worker] INFO  manager.ListenerWD - After FindElement---By.xpath: //input[last()]
19:20:11.709 [Test worker] INFO  manager.ListenerWD - Location of element---(568, 351)
19:20:11.906 [Test worker] INFO  manager.ListenerWD - Before FindElement --- By.xpath: //button[text()='Registration']
19:20:11.926 [Test worker] INFO  manager.ListenerWD - After FindElement---By.xpath: //button[text()='Registration']
19:20:11.941 [Test worker] INFO  manager.ListenerWD - Location of element---(818, 421)
19:20:12.001 [Test worker] INFO  manager.ListenerWD - Huston, we have a problem
19:20:12.001 [Test worker] INFO  manager.ListenerWD - Object target---org.openqa.selenium.remote.RemoteWebDriver$RemoteTargetLocator@59c500f7
19:20:12.002 [Test worker] INFO  manager.ListenerWD - **********
19:20:12.002 [Test worker] INFO  manager.ListenerWD - Method method----alert
19:20:12.002 [Test worker] INFO  manager.ListenerWD - **********
19:20:12.002 [Test worker] INFO  manager.ListenerWD - InvocationTargetException----java.lang.reflect.InvocationTargetException
19:20:12.002 [Test worker] INFO  manager.ListenerWD - **********
19:20:12.002 [Test worker] INFO  manager.ListenerWD - InvocationTargetException----org.openqa.selenium.NoAlertPresentException: no such alert
  (Session info: chrome=112.0.5615.138)
Build info: version: '4.7.0', revision: '0a5b49d16f'
System info: os.name: 'Windows 10', os.arch: 'amd64', os.version: '10.0', java.version: '11.0.18'
Driver info: org.openqa.selenium.chrome.ChromeDriver
Command: [ed0f6dab1763f5554ff5f41ec0539f29, getAlertText {}]
Capabilities {acceptInsecureCerts: false, browserName: chrome, browserVersion: 112.0.5615.138, chrome: {chromedriverVersion: 112.0.5615.49 (bd2a7bcb881c..., userDataDir: C:\Program Files (x86)\scop...}, goog:chromeOptions: {debuggerAddress: localhost:61540}, networkConnectionEnabled: false, pageLoadStrategy: normal, platformName: WINDOWS, proxy: Proxy(), se:cdp: ws://localhost:61540/devtoo..., se:cdpVersion: 112.0.5615.138, setWindowRect: true, strictFileInteractability: false, timeouts: {implicit: 0, pageLoad: 300000, script: 30000}, unhandledPromptBehavior: dismiss and notify, webauthn:extension:credBlob: true, webauthn:extension:largeBlob: true, webauthn:extension:minPinLength: true, webauthn:extension:prf: true, webauthn:virtualAuthenticators: true}
Session ID: ed0f6dab1763f5554ff5f41ec0539f29
19:20:12.003 [Test worker] INFO  manager.ListenerWD - **********
19:20:12.003 [Test worker] INFO  manager.ListenerWD - Screen error is---src/test/screenshots/screen1334.png
