19:02:36.262 [Test worker] INFO  manager.ApplicationManager - All tests run in Chrome
19:02:37.967 [Test worker] INFO  manager.ApplicationManager - The link--->https://telranedu.web.app/home
19:02:38.034 [Test worker] INFO  tests.TestBase - Name of methodregistrationWrongEmail
19:02:38.037 [Test worker] INFO  manager.ListenerWD - Before FindElementS --- By.xpath: //button[text()='Sign Out']
19:02:43.100 [Test worker] INFO  manager.ListenerWD - After FindElement---By.xpath: //button[text()='Sign Out']
19:02:43.105 [Test worker] INFO  manager.ListenerWD - List of elements 0
19:02:43.109 [Test worker] INFO  manager.ListenerWD - Before FindElement --- By.cssSelector: a[href='/login']
19:02:43.161 [Test worker] INFO  manager.ListenerWD - After FindElement---By.cssSelector: a[href='/login']
19:02:43.180 [Test worker] INFO  manager.ListenerWD - Location of element---(1426, 34)
19:02:43.258 [Test worker] INFO  manager.ListenerWD - Before FindElement --- By.name: email
19:02:43.338 [Test worker] INFO  manager.ListenerWD - After FindElement---By.name: email
19:02:43.355 [Test worker] INFO  manager.ListenerWD - Location of element---(568, 250)
19:02:43.605 [Test worker] INFO  manager.ListenerWD - Before FindElement --- By.xpath: //input[last()]
19:02:43.637 [Test worker] INFO  manager.ListenerWD - After FindElement---By.xpath: //input[last()]
19:02:43.650 [Test worker] INFO  manager.ListenerWD - Location of element---(568, 320)
19:02:43.834 [Test worker] INFO  manager.ListenerWD - Before FindElement --- By.xpath: //button[text()='Registration']
19:02:43.867 [Test worker] INFO  manager.ListenerWD - After FindElement---By.xpath: //button[text()='Registration']
19:02:43.880 [Test worker] INFO  manager.ListenerWD - Location of element---(818, 390)
19:02:43.957 [Test worker] INFO  manager.ListenerWD - Huston, we have a problem
19:02:43.958 [Test worker] INFO  manager.ListenerWD - Object target---org.openqa.selenium.remote.RemoteWebDriver$RemoteTargetLocator@2e463f4
19:02:43.958 [Test worker] INFO  manager.ListenerWD - **********
19:02:43.959 [Test worker] INFO  manager.ListenerWD - Method method----alert
19:02:43.959 [Test worker] INFO  manager.ListenerWD - **********
19:02:43.959 [Test worker] INFO  manager.ListenerWD - InvocationTargetException----java.lang.reflect.InvocationTargetException
19:02:43.960 [Test worker] INFO  manager.ListenerWD - **********
19:02:43.963 [Test worker] INFO  manager.ListenerWD - InvocationTargetException----org.openqa.selenium.NoAlertPresentException: no such alert
  (Session info: chrome=112.0.5615.138)
Build info: version: '4.7.0', revision: '0a5b49d16f'
System info: os.name: 'Windows 10', os.arch: 'amd64', os.version: '10.0', java.version: '11.0.18'
Driver info: org.openqa.selenium.chrome.ChromeDriver
Command: [7231e470ee8f364057e8a16297ba488f, getAlertText {}]
Capabilities {acceptInsecureCerts: false, browserName: chrome, browserVersion: 112.0.5615.138, chrome: {chromedriverVersion: 112.0.5615.49 (bd2a7bcb881c..., userDataDir: C:\Program Files (x86)\scop...}, goog:chromeOptions: {debuggerAddress: localhost:60355}, networkConnectionEnabled: false, pageLoadStrategy: normal, platformName: WINDOWS, proxy: Proxy(), se:cdp: ws://localhost:60355/devtoo..., se:cdpVersion: 112.0.5615.138, setWindowRect: true, strictFileInteractability: false, timeouts: {implicit: 0, pageLoad: 300000, script: 30000}, unhandledPromptBehavior: dismiss and notify, webauthn:extension:credBlob: true, webauthn:extension:largeBlob: true, webauthn:extension:minPinLength: true, webauthn:extension:prf: true, webauthn:virtualAuthenticators: true}
Session ID: 7231e470ee8f364057e8a16297ba488f
19:02:43.967 [Test worker] INFO  manager.ListenerWD - **********
19:02:43.971 [Test worker] INFO  manager.ListenerWD - Screen error is---src/test/screenshots/screen1288.png
19:02:44.498 [Test worker] INFO  manager.ListenerWD - Huston, we have a problem
19:02:44.498 [Test worker] INFO  manager.ListenerWD - Object target---org.openqa.selenium.remote.RemoteWebDriver$RemoteTargetLocator@1b9d9a2b
19:02:44.498 [Test worker] INFO  manager.ListenerWD - **********
19:02:44.498 [Test worker] INFO  manager.ListenerWD - Method method----alert
19:02:44.498 [Test worker] INFO  manager.ListenerWD - **********
19:02:44.499 [Test worker] INFO  manager.ListenerWD - InvocationTargetException----java.lang.reflect.InvocationTargetException
19:02:44.499 [Test worker] INFO  manager.ListenerWD - **********
19:02:44.499 [Test worker] INFO  manager.ListenerWD - InvocationTargetException----org.openqa.selenium.NoAlertPresentException: no such alert
  (Session info: chrome=112.0.5615.138)
Build info: version: '4.7.0', revision: '0a5b49d16f'
System info: os.name: 'Windows 10', os.arch: 'amd64', os.version: '10.0', java.version: '11.0.18'
Driver info: org.openqa.selenium.chrome.ChromeDriver
Command: [7231e470ee8f364057e8a16297ba488f, getAlertText {}]
Capabilities {acceptInsecureCerts: false, browserName: chrome, browserVersion: 112.0.5615.138, chrome: {chromedriverVersion: 112.0.5615.49 (bd2a7bcb881c..., userDataDir: C:\Program Files (x86)\scop...}, goog:chromeOptions: {debuggerAddress: localhost:60355}, networkConnectionEnabled: false, pageLoadStrategy: normal, platformName: WINDOWS, proxy: Proxy(), se:cdp: ws://localhost:60355/devtoo..., se:cdpVersion: 112.0.5615.138, setWindowRect: true, strictFileInteractability: false, timeouts: {implicit: 0, pageLoad: 300000, script: 30000}, unhandledPromptBehavior: dismiss and notify, webauthn:extension:credBlob: true, webauthn:extension:largeBlob: true, webauthn:extension:minPinLength: true, webauthn:extension:prf: true, webauthn:virtualAuthenticators: true}
Session ID: 7231e470ee8f364057e8a16297ba488f
19:02:44.500 [Test worker] INFO  manager.ListenerWD - **********
19:02:44.500 [Test worker] INFO  manager.ListenerWD - Screen error is---src/test/screenshots/screen1180.png
