15:37:58.421 [Test worker] INFO  manager.ApplicationManager - All tests run in Chrome
15:38:00.248 [Test worker] INFO  manager.ApplicationManager - The link--->https://telranedu.web.app/home
15:38:00.280 [Test worker] INFO  manager.ListenerWD - Before FindElementS --- By.xpath: //button[text()='Sign Out']
15:38:05.313 [Test worker] INFO  manager.ListenerWD - After FindElement---By.xpath: //button[text()='Sign Out']
15:38:05.317 [Test worker] INFO  manager.ListenerWD - List of elements 0
15:38:05.319 [Test worker] INFO  manager.ListenerWD - Before FindElement --- By.cssSelector: a[href='/login']
15:38:05.357 [Test worker] INFO  manager.ListenerWD - After FindElement---By.cssSelector: a[href='/login']
15:38:05.378 [Test worker] INFO  manager.ListenerWD - Location of element---(1426, 34)
15:38:05.446 [Test worker] INFO  manager.ListenerWD - Before FindElement --- By.name: email
15:38:05.520 [Test worker] INFO  manager.ListenerWD - After FindElement---By.name: email
15:38:05.541 [Test worker] INFO  manager.ListenerWD - Location of element---(568, 250)
15:38:05.781 [Test worker] INFO  manager.ListenerWD - Before FindElement --- By.xpath: //input[last()]
15:38:05.811 [Test worker] INFO  manager.ListenerWD - After FindElement---By.xpath: //input[last()]
15:38:05.822 [Test worker] INFO  manager.ListenerWD - Location of element---(568, 320)
15:38:05.998 [Test worker] INFO  manager.ListenerWD - Before FindElement --- By.xpath: //button[text()='Login']
15:38:06.030 [Test worker] INFO  manager.ListenerWD - After FindElement---By.xpath: //button[text()='Login']
15:38:06.042 [Test worker] INFO  manager.ListenerWD - Location of element---(568, 390)
15:38:06.107 [Test worker] INFO  tests.TestBase - Name of methodaddContactSuccessRequiredFields
15:38:06.140 [Test worker] INFO  manager.ListenerWD - Before FindElement --- By.cssSelector: a[href='/add']
15:38:07.224 [Test worker] INFO  manager.ListenerWD - After FindElement---By.cssSelector: a[href='/add']
15:38:07.242 [Test worker] INFO  manager.ListenerWD - Location of element---(1191, 34)
15:38:07.306 [Test worker] INFO  manager.ListenerWD - Before FindElement --- By.cssSelector: [placeholder='Name']
15:38:07.339 [Test worker] INFO  manager.ListenerWD - After FindElement---By.cssSelector: [placeholder='Name']
15:38:07.353 [Test worker] INFO  manager.ListenerWD - Location of element---(240, 165)
15:38:07.532 [Test worker] INFO  manager.ListenerWD - Before FindElement --- By.cssSelector: [placeholder='Last Name']
15:38:07.558 [Test worker] INFO  manager.ListenerWD - After FindElement---By.cssSelector: [placeholder='Last Name']
15:38:07.571 [Test worker] INFO  manager.ListenerWD - Location of element---(240, 238)
15:38:07.744 [Test worker] INFO  manager.ListenerWD - Before FindElement --- By.cssSelector: [placeholder='Phone']
15:38:07.770 [Test worker] INFO  manager.ListenerWD - After FindElement---By.cssSelector: [placeholder='Phone']
15:38:07.782 [Test worker] INFO  manager.ListenerWD - Location of element---(240, 312)
15:38:07.971 [Test worker] INFO  manager.ListenerWD - Before FindElement --- By.cssSelector: [placeholder='email']
15:38:08.002 [Test worker] INFO  manager.ListenerWD - After FindElement---By.cssSelector: [placeholder='email']
15:38:08.015 [Test worker] INFO  manager.ListenerWD - Location of element---(240, 385)
15:38:08.207 [Test worker] INFO  manager.ListenerWD - Before FindElement --- By.cssSelector: [placeholder='Address']
15:38:08.231 [Test worker] INFO  manager.ListenerWD - After FindElement---By.cssSelector: [placeholder='Address']
15:38:08.244 [Test worker] INFO  manager.ListenerWD - Location of element---(240, 459)
15:38:08.419 [Test worker] INFO  manager.ListenerWD - Before FindElement --- By.cssSelector: [placeholder='description']
15:38:08.442 [Test worker] INFO  manager.ListenerWD - After FindElement---By.cssSelector: [placeholder='description']
15:38:08.454 [Test worker] INFO  manager.ListenerWD - Location of element---(240, 533)
15:38:08.632 [Test worker] INFO  manager.ListenerWD - Before FindElement --- By.cssSelector: .add_form__2rsm2>button
15:38:08.655 [Test worker] INFO  manager.ListenerWD - After FindElement---By.cssSelector: .add_form__2rsm2>button
15:38:08.668 [Test worker] INFO  manager.ListenerWD - Location of element---(242, 606)
15:38:08.800 [Test worker] INFO  manager.ListenerWD - Before FindElement --- By.cssSelector: .add_form__2rsm2>button
15:38:08.820 [Test worker] INFO  manager.ListenerWD - After FindElement---By.cssSelector: .add_form__2rsm2>button
15:38:08.830 [Test worker] INFO  manager.ListenerWD - Location of element---(242, 606)
15:38:08.876 [Test worker] INFO  manager.ListenerWD - Before FindElementS --- By.cssSelector: h2
15:38:09.704 [Test worker] INFO  manager.ListenerWD - After FindElement---By.cssSelector: h2
15:38:09.704 [Test worker] INFO  manager.ListenerWD - List of elements 15
15:38:09.722 [Test worker] INFO  manager.ListenerWD - Before FindElementS --- By.cssSelector: h3
15:38:09.852 [Test worker] INFO  manager.ListenerWD - After FindElement---By.cssSelector: h3
15:38:09.853 [Test worker] INFO  manager.ListenerWD - List of elements 15
15:38:09.876 [Test worker] INFO  tests.TestBase - Name of methodaddContactSuccessRequiredFields
15:38:09.877 [Test worker] INFO  manager.ListenerWD - Before FindElement --- By.cssSelector: a[href='/add']
15:38:09.893 [Test worker] INFO  manager.ListenerWD - After FindElement---By.cssSelector: a[href='/add']
15:38:09.900 [Test worker] INFO  manager.ListenerWD - Location of element---(1204, 34)
15:38:09.955 [Test worker] INFO  manager.ListenerWD - Before FindElement --- By.cssSelector: [placeholder='Name']
15:38:09.973 [Test worker] INFO  manager.ListenerWD - After FindElement---By.cssSelector: [placeholder='Name']
15:38:09.986 [Test worker] INFO  manager.ListenerWD - Location of element---(240, 165)
15:38:10.170 [Test worker] INFO  manager.ListenerWD - Before FindElement --- By.cssSelector: [placeholder='Last Name']
15:38:10.188 [Test worker] INFO  manager.ListenerWD - After FindElement---By.cssSelector: [placeholder='Last Name']
15:38:10.201 [Test worker] INFO  manager.ListenerWD - Location of element---(240, 238)
15:38:10.370 [Test worker] INFO  manager.ListenerWD - Before FindElement --- By.cssSelector: [placeholder='Phone']
15:38:10.387 [Test worker] INFO  manager.ListenerWD - After FindElement---By.cssSelector: [placeholder='Phone']
15:38:10.399 [Test worker] INFO  manager.ListenerWD - Location of element---(240, 312)
15:38:10.587 [Test worker] INFO  manager.ListenerWD - Before FindElement --- By.cssSelector: [placeholder='email']
15:38:10.602 [Test worker] INFO  manager.ListenerWD - After FindElement---By.cssSelector: [placeholder='email']
15:38:10.614 [Test worker] INFO  manager.ListenerWD - Location of element---(240, 385)
15:38:10.807 [Test worker] INFO  manager.ListenerWD - Before FindElement --- By.cssSelector: [placeholder='Address']
15:38:10.830 [Test worker] INFO  manager.ListenerWD - After FindElement---By.cssSelector: [placeholder='Address']
15:38:10.842 [Test worker] INFO  manager.ListenerWD - Location of element---(240, 459)
15:38:11.017 [Test worker] INFO  manager.ListenerWD - Before FindElement --- By.cssSelector: [placeholder='description']
15:38:11.036 [Test worker] INFO  manager.ListenerWD - After FindElement---By.cssSelector: [placeholder='description']
15:38:11.049 [Test worker] INFO  manager.ListenerWD - Location of element---(240, 533)
15:38:11.193 [Test worker] INFO  manager.ListenerWD - Before FindElement --- By.cssSelector: .add_form__2rsm2>button
15:38:11.210 [Test worker] INFO  manager.ListenerWD - After FindElement---By.cssSelector: .add_form__2rsm2>button
15:38:11.224 [Test worker] INFO  manager.ListenerWD - Location of element---(242, 606)
15:38:11.340 [Test worker] INFO  manager.ListenerWD - Before FindElement --- By.cssSelector: .add_form__2rsm2>button
15:38:11.358 [Test worker] INFO  manager.ListenerWD - After FindElement---By.cssSelector: .add_form__2rsm2>button
15:38:11.368 [Test worker] INFO  manager.ListenerWD - Location of element---(242, 606)
15:38:11.407 [Test worker] INFO  manager.ListenerWD - Before FindElementS --- By.cssSelector: h2
15:38:11.978 [Test worker] INFO  manager.ListenerWD - After FindElement---By.cssSelector: h2
15:38:11.978 [Test worker] INFO  manager.ListenerWD - List of elements 16
15:38:12.012 [Test worker] INFO  manager.ListenerWD - Before FindElementS --- By.cssSelector: h3
15:38:12.137 [Test worker] INFO  manager.ListenerWD - After FindElement---By.cssSelector: h3
15:38:12.138 [Test worker] INFO  manager.ListenerWD - List of elements 16
