15:35:56.441 [Test worker] INFO  manager.ApplicationManager - All tests run in Chrome
15:35:58.291 [Test worker] INFO  manager.ApplicationManager - The link--->https://telranedu.web.app/home
15:35:58.322 [Test worker] INFO  manager.ListenerWD - Before FindElementS --- By.xpath: //button[text()='Sign Out']
15:36:03.356 [Test worker] INFO  manager.ListenerWD - After FindElement---By.xpath: //button[text()='Sign Out']
15:36:03.362 [Test worker] INFO  manager.ListenerWD - List of elements 0
15:36:03.364 [Test worker] INFO  manager.ListenerWD - Before FindElement --- By.cssSelector: a[href='/login']
15:36:03.420 [Test worker] INFO  manager.ListenerWD - After FindElement---By.cssSelector: a[href='/login']
15:36:03.436 [Test worker] INFO  manager.ListenerWD - Location of element---(1426, 34)
15:36:03.507 [Test worker] INFO  manager.ListenerWD - Before FindElement --- By.name: email
15:36:03.547 [Test worker] INFO  manager.ListenerWD - After FindElement---By.name: email
15:36:03.564 [Test worker] INFO  manager.ListenerWD - Location of element---(568, 250)
15:36:03.828 [Test worker] INFO  manager.ListenerWD - Before FindElement --- By.xpath: //input[last()]
15:36:03.859 [Test worker] INFO  manager.ListenerWD - After FindElement---By.xpath: //input[last()]
15:36:03.872 [Test worker] INFO  manager.ListenerWD - Location of element---(568, 320)
15:36:04.036 [Test worker] INFO  manager.ListenerWD - Before FindElement --- By.xpath: //button[text()='Login']
15:36:04.068 [Test worker] INFO  manager.ListenerWD - After FindElement---By.xpath: //button[text()='Login']
15:36:04.079 [Test worker] INFO  manager.ListenerWD - Location of element---(568, 390)
15:36:04.143 [Test worker] INFO  tests.TestBase - Name of methodaddContactSuccessRequiredFields
15:36:04.175 [Test worker] INFO  manager.ListenerWD - Before FindElement --- By.cssSelector: a[href='/add']
15:36:05.164 [Test worker] INFO  manager.ListenerWD - After FindElement---By.cssSelector: a[href='/add']
15:36:05.180 [Test worker] INFO  manager.ListenerWD - Location of element---(1191, 34)
15:36:05.257 [Test worker] INFO  manager.ListenerWD - Before FindElement --- By.cssSelector: [placeholder='Name']
15:36:05.288 [Test worker] INFO  manager.ListenerWD - After FindElement---By.cssSelector: [placeholder='Name']
15:36:05.301 [Test worker] INFO  manager.ListenerWD - Location of element---(240, 165)
15:36:05.465 [Test worker] INFO  manager.ListenerWD - Before FindElement --- By.cssSelector: [placeholder='Last Name']
15:36:05.507 [Test worker] INFO  manager.ListenerWD - After FindElement---By.cssSelector: [placeholder='Last Name']
15:36:05.525 [Test worker] INFO  manager.ListenerWD - Location of element---(240, 238)
15:36:05.707 [Test worker] INFO  manager.ListenerWD - Before FindElement --- By.cssSelector: [placeholder='Phone']
15:36:05.735 [Test worker] INFO  manager.ListenerWD - After FindElement---By.cssSelector: [placeholder='Phone']
15:36:05.747 [Test worker] INFO  manager.ListenerWD - Location of element---(240, 312)
15:36:05.927 [Test worker] INFO  manager.ListenerWD - Before FindElement --- By.cssSelector: [placeholder='email']
15:36:05.955 [Test worker] INFO  manager.ListenerWD - After FindElement---By.cssSelector: [placeholder='email']
15:36:05.969 [Test worker] INFO  manager.ListenerWD - Location of element---(240, 385)
15:36:06.184 [Test worker] INFO  manager.ListenerWD - Before FindElement --- By.cssSelector: [placeholder='Address']
15:36:06.209 [Test worker] INFO  manager.ListenerWD - After FindElement---By.cssSelector: [placeholder='Address']
15:36:06.224 [Test worker] INFO  manager.ListenerWD - Location of element---(240, 459)
15:36:06.387 [Test worker] INFO  manager.ListenerWD - Before FindElement --- By.cssSelector: [placeholder='description']
15:36:06.410 [Test worker] INFO  manager.ListenerWD - After FindElement---By.cssSelector: [placeholder='description']
15:36:06.423 [Test worker] INFO  manager.ListenerWD - Location of element---(240, 533)
15:36:06.610 [Test worker] INFO  manager.ListenerWD - Before FindElement --- By.cssSelector: .add_form__2rsm2>button
15:36:06.634 [Test worker] INFO  manager.ListenerWD - After FindElement---By.cssSelector: .add_form__2rsm2>button
15:36:06.648 [Test worker] INFO  manager.ListenerWD - Location of element---(242, 606)
15:36:06.783 [Test worker] INFO  manager.ListenerWD - Before FindElement --- By.cssSelector: .add_form__2rsm2>button
15:36:06.804 [Test worker] INFO  manager.ListenerWD - After FindElement---By.cssSelector: .add_form__2rsm2>button
15:36:06.815 [Test worker] INFO  manager.ListenerWD - Location of element---(242, 606)
15:36:06.855 [Test worker] INFO  manager.ListenerWD - Before FindElementS --- By.cssSelector: h2
15:36:07.577 [Test worker] INFO  manager.ListenerWD - After FindElement---By.cssSelector: h2
15:36:07.578 [Test worker] INFO  manager.ListenerWD - List of elements 9
15:36:07.612 [Test worker] INFO  manager.ListenerWD - Before FindElementS --- By.cssSelector: h3
15:36:07.767 [Test worker] INFO  manager.ListenerWD - After FindElement---By.cssSelector: h3
15:36:07.767 [Test worker] INFO  manager.ListenerWD - List of elements 9
15:36:07.785 [Test worker] INFO  tests.TestBase - Name of methodaddContactSuccessRequiredFields
15:36:07.786 [Test worker] INFO  manager.ListenerWD - Before FindElement --- By.cssSelector: a[href='/add']
15:36:07.803 [Test worker] INFO  manager.ListenerWD - After FindElement---By.cssSelector: a[href='/add']
15:36:07.811 [Test worker] INFO  manager.ListenerWD - Location of element---(1204, 34)
15:36:07.872 [Test worker] INFO  manager.ListenerWD - Before FindElement --- By.cssSelector: [placeholder='Name']
15:36:07.890 [Test worker] INFO  manager.ListenerWD - After FindElement---By.cssSelector: [placeholder='Name']
15:36:07.903 [Test worker] INFO  manager.ListenerWD - Location of element---(240, 165)
15:36:08.077 [Test worker] INFO  manager.ListenerWD - Before FindElement --- By.cssSelector: [placeholder='Last Name']
15:36:08.095 [Test worker] INFO  manager.ListenerWD - After FindElement---By.cssSelector: [placeholder='Last Name']
15:36:08.111 [Test worker] INFO  manager.ListenerWD - Location of element---(240, 238)
15:36:08.289 [Test worker] INFO  manager.ListenerWD - Before FindElement --- By.cssSelector: [placeholder='Phone']
15:36:08.306 [Test worker] INFO  manager.ListenerWD - After FindElement---By.cssSelector: [placeholder='Phone']
15:36:08.320 [Test worker] INFO  manager.ListenerWD - Location of element---(240, 312)
15:36:08.505 [Test worker] INFO  manager.ListenerWD - Before FindElement --- By.cssSelector: [placeholder='email']
15:36:08.524 [Test worker] INFO  manager.ListenerWD - After FindElement---By.cssSelector: [placeholder='email']
15:36:08.535 [Test worker] INFO  manager.ListenerWD - Location of element---(240, 385)
15:36:08.739 [Test worker] INFO  manager.ListenerWD - Before FindElement --- By.cssSelector: [placeholder='Address']
15:36:08.754 [Test worker] INFO  manager.ListenerWD - After FindElement---By.cssSelector: [placeholder='Address']
15:36:08.765 [Test worker] INFO  manager.ListenerWD - Location of element---(240, 459)
15:36:08.938 [Test worker] INFO  manager.ListenerWD - Before FindElement --- By.cssSelector: [placeholder='description']
15:36:08.955 [Test worker] INFO  manager.ListenerWD - After FindElement---By.cssSelector: [placeholder='description']
15:36:08.968 [Test worker] INFO  manager.ListenerWD - Location of element---(240, 533)
15:36:09.105 [Test worker] INFO  manager.ListenerWD - Before FindElement --- By.cssSelector: .add_form__2rsm2>button
15:36:09.122 [Test worker] INFO  manager.ListenerWD - After FindElement---By.cssSelector: .add_form__2rsm2>button
15:36:09.135 [Test worker] INFO  manager.ListenerWD - Location of element---(242, 606)
15:36:09.256 [Test worker] INFO  manager.ListenerWD - Before FindElement --- By.cssSelector: .add_form__2rsm2>button
15:36:09.276 [Test worker] INFO  manager.ListenerWD - After FindElement---By.cssSelector: .add_form__2rsm2>button
15:36:09.286 [Test worker] INFO  manager.ListenerWD - Location of element---(242, 606)
15:36:09.325 [Test worker] INFO  manager.ListenerWD - Before FindElementS --- By.cssSelector: h2
15:36:09.853 [Test worker] INFO  manager.ListenerWD - After FindElement---By.cssSelector: h2
15:36:09.853 [Test worker] INFO  manager.ListenerWD - List of elements 10
15:36:09.886 [Test worker] INFO  manager.ListenerWD - Before FindElementS --- By.cssSelector: h3
15:36:09.956 [Test worker] INFO  manager.ListenerWD - After FindElement---By.cssSelector: h3
15:36:09.956 [Test worker] INFO  manager.ListenerWD - List of elements 10
