20:33:07.573 [Test worker] INFO  manager.ApplicationManager - All tests run in Chrome
20:33:09.043 [Test worker] INFO  manager.ApplicationManager - The link--->https://telranedu.web.app/home
20:33:09.112 [Test worker] INFO  tests.TestBase - Name of methodloginSuccess
20:33:09.115 [Test worker] INFO  manager.ListenerWD - Before FindElementS --- By.xpath: //button[text()='Sign Out']
20:33:14.136 [Test worker] INFO  manager.ListenerWD - After FindElement---By.xpath: //button[text()='Sign Out']
20:33:14.141 [Test worker] INFO  manager.ListenerWD - List of elements 0
20:33:14.144 [Test worker] INFO  tests.TestBase - Start test 'loginSuccess'
20:33:14.156 [Test worker] INFO  tests.TestBase - Test data --> email: qwerty@mail.com & password: Ff12345$
20:33:14.157 [Test worker] INFO  manager.ListenerWD - Before FindElement --- By.cssSelector: a[href='/login']
20:33:14.210 [Test worker] INFO  manager.ListenerWD - After FindElement---By.cssSelector: a[href='/login']
20:33:14.227 [Test worker] INFO  manager.ListenerWD - Location of element---(1426, 34)
20:33:14.334 [Test worker] INFO  manager.ListenerWD - Before FindElement --- By.name: email
20:33:14.413 [Test worker] INFO  manager.ListenerWD - After FindElement---By.name: email
20:33:14.431 [Test worker] INFO  manager.ListenerWD - Location of element---(568, 250)
20:33:14.666 [Test worker] INFO  manager.ListenerWD - Before FindElement --- By.xpath: //input[last()]
20:33:14.704 [Test worker] INFO  manager.ListenerWD - After FindElement---By.xpath: //input[last()]
20:33:14.719 [Test worker] INFO  manager.ListenerWD - Location of element---(568, 320)
20:33:14.954 [Test worker] INFO  manager.ListenerWD - Before FindElement --- By.xpath: //button[text()='Login']
20:33:15.021 [Test worker] INFO  manager.ListenerWD - After FindElement---By.xpath: //button[text()='Login']
20:33:15.053 [Test worker] INFO  manager.ListenerWD - Location of element---(568, 390)
20:33:15.103 [Test worker] INFO  manager.ListenerWD - Before FindElementS --- By.xpath: //button[text()='Sign Out']
20:33:16.276 [Test worker] INFO  manager.ListenerWD - After FindElement---By.xpath: //button[text()='Sign Out']
20:33:16.277 [Test worker] INFO  manager.ListenerWD - List of elements 1
20:33:16.280 [Test worker] INFO  tests.TestBase - Assert check is Element button 'Sign Out' is present
20:33:16.284 [Test worker] INFO  tests.TestBase - Name of methodloginSuccess
20:33:16.285 [Test worker] INFO  manager.ListenerWD - Before FindElementS --- By.xpath: //button[text()='Sign Out']
20:33:16.320 [Test worker] INFO  manager.ListenerWD - After FindElement---By.xpath: //button[text()='Sign Out']
20:33:16.321 [Test worker] INFO  manager.ListenerWD - List of elements 1
20:33:16.321 [Test worker] INFO  manager.ListenerWD - Before FindElement --- By.xpath: //button[text() = 'Sign Out']
20:33:16.357 [Test worker] INFO  manager.ListenerWD - After FindElement---By.xpath: //button[text() = 'Sign Out']
20:33:16.373 [Test worker] INFO  manager.ListenerWD - Location of element---(1412, 39)
20:33:16.420 [Test worker] INFO  tests.TestBase - before method finish logout
20:33:16.422 [Test worker] INFO  tests.TestBase - Start test 'loginSuccess'
20:33:16.423 [Test worker] INFO  tests.TestBase - Test data --> email: noa@gmail.com & password: Nnoa12345$
20:33:16.424 [Test worker] INFO  manager.ListenerWD - Before FindElement --- By.cssSelector: a[href='/login']
20:33:16.452 [Test worker] INFO  manager.ListenerWD - After FindElement---By.cssSelector: a[href='/login']
20:33:16.476 [Test worker] INFO  manager.ListenerWD - Location of element---(1425, 33)
20:33:16.539 [Test worker] INFO  manager.ListenerWD - Before FindElement --- By.name: email
20:33:16.570 [Test worker] INFO  manager.ListenerWD - After FindElement---By.name: email
20:33:16.586 [Test worker] INFO  manager.ListenerWD - Location of element---(568, 250)
20:33:16.779 [Test worker] INFO  manager.ListenerWD - Before FindElement --- By.xpath: //input[last()]
20:33:16.802 [Test worker] INFO  manager.ListenerWD - After FindElement---By.xpath: //input[last()]
20:33:16.813 [Test worker] INFO  manager.ListenerWD - Location of element---(568, 320)
20:33:17.005 [Test worker] INFO  manager.ListenerWD - Before FindElement --- By.xpath: //button[text()='Login']
20:33:17.028 [Test worker] INFO  manager.ListenerWD - After FindElement---By.xpath: //button[text()='Login']
20:33:17.041 [Test worker] INFO  manager.ListenerWD - Location of element---(568, 390)
20:33:17.089 [Test worker] INFO  manager.ListenerWD - Before FindElementS --- By.xpath: //button[text()='Sign Out']
20:33:17.411 [Test worker] INFO  manager.ListenerWD - After FindElement---By.xpath: //button[text()='Sign Out']
20:33:17.412 [Test worker] INFO  manager.ListenerWD - List of elements 1
20:33:17.412 [Test worker] INFO  tests.TestBase - Assert check is Element button 'Sign Out' is present
20:33:17.413 [Test worker] INFO  tests.TestBase - Name of methodloginSuccess
20:33:17.417 [Test worker] INFO  manager.ListenerWD - Before FindElementS --- By.xpath: //button[text()='Sign Out']
20:33:17.440 [Test worker] INFO  manager.ListenerWD - After FindElement---By.xpath: //button[text()='Sign Out']
20:33:17.441 [Test worker] INFO  manager.ListenerWD - List of elements 1
20:33:17.441 [Test worker] INFO  manager.ListenerWD - Before FindElement --- By.xpath: //button[text() = 'Sign Out']
20:33:17.465 [Test worker] INFO  manager.ListenerWD - After FindElement---By.xpath: //button[text() = 'Sign Out']
20:33:17.481 [Test worker] INFO  manager.ListenerWD - Location of element---(1412, 39)
20:33:17.521 [Test worker] INFO  tests.TestBase - before method finish logout
20:33:17.522 [Test worker] INFO  tests.TestBase - Start test 'loginSuccess'
20:33:17.523 [Test worker] INFO  tests.TestBase - Test data --> email: sonya@gmail.com & password: Ss12345$
20:33:17.523 [Test worker] INFO  manager.ListenerWD - Before FindElement --- By.cssSelector: a[href='/login']
20:33:17.546 [Test worker] INFO  manager.ListenerWD - After FindElement---By.cssSelector: a[href='/login']
20:33:17.560 [Test worker] INFO  manager.ListenerWD - Location of element---(1425, 33)
20:33:17.618 [Test worker] INFO  manager.ListenerWD - Before FindElement --- By.name: email
20:33:17.639 [Test worker] INFO  manager.ListenerWD - After FindElement---By.name: email
20:33:17.653 [Test worker] INFO  manager.ListenerWD - Location of element---(568, 250)
20:33:17.855 [Test worker] INFO  manager.ListenerWD - Before FindElement --- By.xpath: //input[last()]
20:33:17.876 [Test worker] INFO  manager.ListenerWD - After FindElement---By.xpath: //input[last()]
20:33:17.892 [Test worker] INFO  manager.ListenerWD - Location of element---(568, 320)
20:33:18.091 [Test worker] INFO  manager.ListenerWD - Before FindElement --- By.xpath: //button[text()='Login']
20:33:18.111 [Test worker] INFO  manager.ListenerWD - After FindElement---By.xpath: //button[text()='Login']
20:33:18.127 [Test worker] INFO  manager.ListenerWD - Location of element---(568, 390)
20:33:18.178 [Test worker] INFO  manager.ListenerWD - Before FindElementS --- By.xpath: //button[text()='Sign Out']
20:33:18.502 [Test worker] INFO  manager.ListenerWD - After FindElement---By.xpath: //button[text()='Sign Out']
20:33:18.502 [Test worker] INFO  manager.ListenerWD - List of elements 1
20:33:18.502 [Test worker] INFO  tests.TestBase - Assert check is Element button 'Sign Out' is present
