15:36:20.972 [Test worker] INFO  manager.ApplicationManager - All tests run in Chrome
15:36:23.494 [Test worker] INFO  manager.ApplicationManager - The link--->https://telranedu.web.app/home
15:36:23.527 [Test worker] INFO  manager.ListenerWD - Before FindElementS --- By.xpath: //button[text()='Sign Out']
15:36:28.557 [Test worker] INFO  manager.ListenerWD - After FindElement---By.xpath: //button[text()='Sign Out']
15:36:28.561 [Test worker] INFO  manager.ListenerWD - List of elements 0
15:36:28.563 [Test worker] INFO  manager.ListenerWD - Before FindElement --- By.cssSelector: a[href='/login']
15:36:28.600 [Test worker] INFO  manager.ListenerWD - After FindElement---By.cssSelector: a[href='/login']
15:36:28.621 [Test worker] INFO  manager.ListenerWD - Location of element---(1426, 34)
15:36:28.687 [Test worker] INFO  manager.ListenerWD - Before FindElement --- By.name: email
15:36:28.725 [Test worker] INFO  manager.ListenerWD - After FindElement---By.name: email
15:36:28.739 [Test worker] INFO  manager.ListenerWD - Location of element---(568, 250)
15:36:28.939 [Test worker] INFO  manager.ListenerWD - Before FindElement --- By.xpath: //input[last()]
15:36:28.968 [Test worker] INFO  manager.ListenerWD - After FindElement---By.xpath: //input[last()]
15:36:28.980 [Test worker] INFO  manager.ListenerWD - Location of element---(568, 320)
15:36:29.172 [Test worker] INFO  manager.ListenerWD - Before FindElement --- By.xpath: //button[text()='Login']
15:36:29.210 [Test worker] INFO  manager.ListenerWD - After FindElement---By.xpath: //button[text()='Login']
15:36:29.224 [Test worker] INFO  manager.ListenerWD - Location of element---(568, 390)
15:36:29.295 [Test worker] INFO  tests.TestBase - Name of methodaddContactSuccessAllFields
15:36:29.331 [Test worker] INFO  tests.TestBase - Tests run with data: --->Contact(name=Peter, lastName=Parker, email=peterParker@gmail.com, address=NY, phone=553285576222, description=all field)
15:36:29.331 [Test worker] INFO  manager.ListenerWD - Before FindElement --- By.cssSelector: a[href='/add']
15:36:30.317 [Test worker] INFO  manager.ListenerWD - After FindElement---By.cssSelector: a[href='/add']
15:36:30.333 [Test worker] INFO  manager.ListenerWD - Location of element---(1191, 34)
15:36:30.402 [Test worker] INFO  manager.ListenerWD - Before FindElement --- By.cssSelector: [placeholder='Name']
15:36:30.435 [Test worker] INFO  manager.ListenerWD - After FindElement---By.cssSelector: [placeholder='Name']
15:36:30.449 [Test worker] INFO  manager.ListenerWD - Location of element---(240, 165)
15:36:30.617 [Test worker] INFO  manager.ListenerWD - Before FindElement --- By.cssSelector: [placeholder='Last Name']
15:36:30.642 [Test worker] INFO  manager.ListenerWD - After FindElement---By.cssSelector: [placeholder='Last Name']
15:36:30.656 [Test worker] INFO  manager.ListenerWD - Location of element---(240, 238)
15:36:30.812 [Test worker] INFO  manager.ListenerWD - Before FindElement --- By.cssSelector: [placeholder='Phone']
15:36:30.838 [Test worker] INFO  manager.ListenerWD - After FindElement---By.cssSelector: [placeholder='Phone']
15:36:30.849 [Test worker] INFO  manager.ListenerWD - Location of element---(240, 312)
15:36:31.031 [Test worker] INFO  manager.ListenerWD - Before FindElement --- By.cssSelector: [placeholder='email']
15:36:31.059 [Test worker] INFO  manager.ListenerWD - After FindElement---By.cssSelector: [placeholder='email']
15:36:31.073 [Test worker] INFO  manager.ListenerWD - Location of element---(240, 385)
15:36:31.276 [Test worker] INFO  manager.ListenerWD - Before FindElement --- By.cssSelector: [placeholder='Address']
15:36:31.320 [Test worker] INFO  manager.ListenerWD - After FindElement---By.cssSelector: [placeholder='Address']
15:36:31.338 [Test worker] INFO  manager.ListenerWD - Location of element---(240, 459)
15:36:31.525 [Test worker] INFO  manager.ListenerWD - Before FindElement --- By.cssSelector: [placeholder='description']
15:36:31.553 [Test worker] INFO  manager.ListenerWD - After FindElement---By.cssSelector: [placeholder='description']
15:36:31.567 [Test worker] INFO  manager.ListenerWD - Location of element---(240, 533)
15:36:31.762 [Test worker] INFO  manager.ListenerWD - Before FindElement --- By.cssSelector: .add_form__2rsm2>button
15:36:31.788 [Test worker] INFO  manager.ListenerWD - After FindElement---By.cssSelector: .add_form__2rsm2>button
15:36:31.801 [Test worker] INFO  manager.ListenerWD - Location of element---(242, 606)
15:36:31.998 [Test worker] INFO  manager.ListenerWD - Before FindElement --- By.cssSelector: .add_form__2rsm2>button
15:36:32.025 [Test worker] INFO  manager.ListenerWD - After FindElement---By.cssSelector: .add_form__2rsm2>button
15:36:32.040 [Test worker] INFO  manager.ListenerWD - Location of element---(242, 606)
15:36:32.087 [Test worker] INFO  manager.ListenerWD - Before FindElementS --- By.cssSelector: h2
15:36:32.764 [Test worker] INFO  manager.ListenerWD - After FindElement---By.cssSelector: h2
15:36:32.766 [Test worker] INFO  manager.ListenerWD - List of elements 11
15:36:32.789 [Test worker] INFO  manager.ListenerWD - Before FindElementS --- By.cssSelector: h3
15:36:32.918 [Test worker] INFO  manager.ListenerWD - After FindElement---By.cssSelector: h3
15:36:32.918 [Test worker] INFO  manager.ListenerWD - List of elements 11
15:36:32.943 [Test worker] INFO  tests.TestBase - Name of methodaddContactSuccessAllFields
15:36:32.944 [Test worker] INFO  tests.TestBase - Tests run with data: --->Contact(name=PeterRequa, lastName=Parker, email=peterParkerReq@gmail.com, address=NY, phone=553285333576, description=null)
15:36:32.944 [Test worker] INFO  manager.ListenerWD - Before FindElement --- By.cssSelector: a[href='/add']
15:36:32.961 [Test worker] INFO  manager.ListenerWD - After FindElement---By.cssSelector: a[href='/add']
15:36:32.970 [Test worker] INFO  manager.ListenerWD - Location of element---(1204, 34)
15:36:33.037 [Test worker] INFO  manager.ListenerWD - Before FindElement --- By.cssSelector: [placeholder='Name']
15:36:33.064 [Test worker] INFO  manager.ListenerWD - After FindElement---By.cssSelector: [placeholder='Name']
15:36:33.080 [Test worker] INFO  manager.ListenerWD - Location of element---(240, 165)
15:36:33.263 [Test worker] INFO  manager.ListenerWD - Before FindElement --- By.cssSelector: [placeholder='Last Name']
15:36:33.283 [Test worker] INFO  manager.ListenerWD - After FindElement---By.cssSelector: [placeholder='Last Name']
15:36:33.296 [Test worker] INFO  manager.ListenerWD - Location of element---(240, 238)
15:36:33.480 [Test worker] INFO  manager.ListenerWD - Before FindElement --- By.cssSelector: [placeholder='Phone']
15:36:33.500 [Test worker] INFO  manager.ListenerWD - After FindElement---By.cssSelector: [placeholder='Phone']
15:36:33.514 [Test worker] INFO  manager.ListenerWD - Location of element---(240, 312)
15:36:33.707 [Test worker] INFO  manager.ListenerWD - Before FindElement --- By.cssSelector: [placeholder='email']
15:36:33.727 [Test worker] INFO  manager.ListenerWD - After FindElement---By.cssSelector: [placeholder='email']
15:36:33.741 [Test worker] INFO  manager.ListenerWD - Location of element---(240, 385)
15:36:33.974 [Test worker] INFO  manager.ListenerWD - Before FindElement --- By.cssSelector: [placeholder='Address']
15:36:33.993 [Test worker] INFO  manager.ListenerWD - After FindElement---By.cssSelector: [placeholder='Address']
15:36:34.006 [Test worker] INFO  manager.ListenerWD - Location of element---(240, 459)
15:36:34.196 [Test worker] INFO  manager.ListenerWD - Before FindElement --- By.cssSelector: [placeholder='description']
15:36:34.216 [Test worker] INFO  manager.ListenerWD - After FindElement---By.cssSelector: [placeholder='description']
15:36:34.230 [Test worker] INFO  manager.ListenerWD - Location of element---(240, 533)
15:36:34.386 [Test worker] INFO  manager.ListenerWD - Before FindElement --- By.cssSelector: .add_form__2rsm2>button
15:36:34.406 [Test worker] INFO  manager.ListenerWD - After FindElement---By.cssSelector: .add_form__2rsm2>button
15:36:34.420 [Test worker] INFO  manager.ListenerWD - Location of element---(242, 606)
15:36:34.505 [Test worker] INFO  manager.ListenerWD - Before FindElement --- By.cssSelector: .add_form__2rsm2>button
15:36:34.528 [Test worker] INFO  manager.ListenerWD - After FindElement---By.cssSelector: .add_form__2rsm2>button
15:36:34.540 [Test worker] INFO  manager.ListenerWD - Location of element---(242, 606)
15:36:34.583 [Test worker] INFO  manager.ListenerWD - Before FindElementS --- By.cssSelector: h2
15:36:35.128 [Test worker] INFO  manager.ListenerWD - After FindElement---By.cssSelector: h2
15:36:35.129 [Test worker] INFO  manager.ListenerWD - List of elements 12
15:36:35.167 [Test worker] INFO  manager.ListenerWD - Before FindElementS --- By.cssSelector: h3
15:36:35.258 [Test worker] INFO  manager.ListenerWD - After FindElement---By.cssSelector: h3
15:36:35.259 [Test worker] INFO  manager.ListenerWD - List of elements 12
15:36:35.295 [Test worker] INFO  tests.TestBase - Name of methodaddContactSuccessRequiredFields
15:36:35.296 [Test worker] INFO  manager.ListenerWD - Before FindElement --- By.cssSelector: a[href='/add']
15:36:35.313 [Test worker] INFO  manager.ListenerWD - After FindElement---By.cssSelector: a[href='/add']
15:36:35.323 [Test worker] INFO  manager.ListenerWD - Location of element---(1204, 34)
15:36:35.365 [Test worker] INFO  manager.ListenerWD - Before FindElement --- By.cssSelector: [placeholder='Name']
15:36:35.384 [Test worker] INFO  manager.ListenerWD - After FindElement---By.cssSelector: [placeholder='Name']
15:36:35.397 [Test worker] INFO  manager.ListenerWD - Location of element---(240, 165)
15:36:35.577 [Test worker] INFO  manager.ListenerWD - Before FindElement --- By.cssSelector: [placeholder='Last Name']
15:36:35.595 [Test worker] INFO  manager.ListenerWD - After FindElement---By.cssSelector: [placeholder='Last Name']
15:36:35.607 [Test worker] INFO  manager.ListenerWD - Location of element---(240, 238)
15:36:35.785 [Test worker] INFO  manager.ListenerWD - Before FindElement --- By.cssSelector: [placeholder='Phone']
15:36:35.803 [Test worker] INFO  manager.ListenerWD - After FindElement---By.cssSelector: [placeholder='Phone']
15:36:35.816 [Test worker] INFO  manager.ListenerWD - Location of element---(240, 312)
15:36:36.068 [Test worker] INFO  manager.ListenerWD - Before FindElement --- By.cssSelector: [placeholder='email']
15:36:36.091 [Test worker] INFO  manager.ListenerWD - After FindElement---By.cssSelector: [placeholder='email']
15:36:36.107 [Test worker] INFO  manager.ListenerWD - Location of element---(240, 385)
15:36:36.422 [Test worker] INFO  manager.ListenerWD - Before FindElement --- By.cssSelector: [placeholder='Address']
15:36:36.448 [Test worker] INFO  manager.ListenerWD - After FindElement---By.cssSelector: [placeholder='Address']
15:36:36.463 [Test worker] INFO  manager.ListenerWD - Location of element---(240, 459)
15:36:36.674 [Test worker] INFO  manager.ListenerWD - Before FindElement --- By.cssSelector: [placeholder='description']
15:36:36.694 [Test worker] INFO  manager.ListenerWD - After FindElement---By.cssSelector: [placeholder='description']
15:36:36.708 [Test worker] INFO  manager.ListenerWD - Location of element---(240, 533)
15:36:36.941 [Test worker] INFO  manager.ListenerWD - Before FindElement --- By.cssSelector: .add_form__2rsm2>button
15:36:36.973 [Test worker] INFO  manager.ListenerWD - After FindElement---By.cssSelector: .add_form__2rsm2>button
15:36:36.988 [Test worker] INFO  manager.ListenerWD - Location of element---(242, 606)
15:36:37.097 [Test worker] INFO  manager.ListenerWD - Before FindElement --- By.cssSelector: .add_form__2rsm2>button
15:36:37.134 [Test worker] INFO  manager.ListenerWD - After FindElement---By.cssSelector: .add_form__2rsm2>button
15:36:37.147 [Test worker] INFO  manager.ListenerWD - Location of element---(242, 606)
15:36:37.198 [Test worker] INFO  manager.ListenerWD - Before FindElementS --- By.cssSelector: h2
15:36:37.791 [Test worker] INFO  manager.ListenerWD - After FindElement---By.cssSelector: h2
15:36:37.792 [Test worker] INFO  manager.ListenerWD - List of elements 13
15:36:37.830 [Test worker] INFO  manager.ListenerWD - Before FindElementS --- By.cssSelector: h3
15:36:37.958 [Test worker] INFO  manager.ListenerWD - After FindElement---By.cssSelector: h3
15:36:37.959 [Test worker] INFO  manager.ListenerWD - List of elements 13
15:36:37.985 [Test worker] INFO  tests.TestBase - Name of methodaddContactSuccessRequiredFields
15:36:37.986 [Test worker] INFO  manager.ListenerWD - Before FindElement --- By.cssSelector: a[href='/add']
15:36:38.006 [Test worker] INFO  manager.ListenerWD - After FindElement---By.cssSelector: a[href='/add']
15:36:38.021 [Test worker] INFO  manager.ListenerWD - Location of element---(1204, 34)
15:36:38.089 [Test worker] INFO  manager.ListenerWD - Before FindElement --- By.cssSelector: [placeholder='Name']
15:36:38.113 [Test worker] INFO  manager.ListenerWD - After FindElement---By.cssSelector: [placeholder='Name']
15:36:38.130 [Test worker] INFO  manager.ListenerWD - Location of element---(240, 165)
15:36:38.373 [Test worker] INFO  manager.ListenerWD - Before FindElement --- By.cssSelector: [placeholder='Last Name']
15:36:38.396 [Test worker] INFO  manager.ListenerWD - After FindElement---By.cssSelector: [placeholder='Last Name']
15:36:38.413 [Test worker] INFO  manager.ListenerWD - Location of element---(240, 238)
15:36:38.628 [Test worker] INFO  manager.ListenerWD - Before FindElement --- By.cssSelector: [placeholder='Phone']
15:36:38.650 [Test worker] INFO  manager.ListenerWD - After FindElement---By.cssSelector: [placeholder='Phone']
15:36:38.665 [Test worker] INFO  manager.ListenerWD - Location of element---(240, 312)
15:36:38.891 [Test worker] INFO  manager.ListenerWD - Before FindElement --- By.cssSelector: [placeholder='email']
15:36:38.912 [Test worker] INFO  manager.ListenerWD - After FindElement---By.cssSelector: [placeholder='email']
15:36:38.928 [Test worker] INFO  manager.ListenerWD - Location of element---(240, 385)
15:36:39.191 [Test worker] INFO  manager.ListenerWD - Before FindElement --- By.cssSelector: [placeholder='Address']
15:36:39.211 [Test worker] INFO  manager.ListenerWD - After FindElement---By.cssSelector: [placeholder='Address']
15:36:39.230 [Test worker] INFO  manager.ListenerWD - Location of element---(240, 459)
15:36:39.429 [Test worker] INFO  manager.ListenerWD - Before FindElement --- By.cssSelector: [placeholder='description']
15:36:39.448 [Test worker] INFO  manager.ListenerWD - After FindElement---By.cssSelector: [placeholder='description']
15:36:39.462 [Test worker] INFO  manager.ListenerWD - Location of element---(240, 533)
15:36:39.626 [Test worker] INFO  manager.ListenerWD - Before FindElement --- By.cssSelector: .add_form__2rsm2>button
15:36:39.643 [Test worker] INFO  manager.ListenerWD - After FindElement---By.cssSelector: .add_form__2rsm2>button
15:36:39.656 [Test worker] INFO  manager.ListenerWD - Location of element---(242, 606)
15:36:39.753 [Test worker] INFO  manager.ListenerWD - Before FindElement --- By.cssSelector: .add_form__2rsm2>button
15:36:39.772 [Test worker] INFO  manager.ListenerWD - After FindElement---By.cssSelector: .add_form__2rsm2>button
15:36:39.785 [Test worker] INFO  manager.ListenerWD - Location of element---(242, 606)
15:36:39.831 [Test worker] INFO  manager.ListenerWD - Before FindElementS --- By.cssSelector: h2
15:36:40.323 [Test worker] INFO  manager.ListenerWD - After FindElement---By.cssSelector: h2
15:36:40.323 [Test worker] INFO  manager.ListenerWD - List of elements 14
15:36:40.356 [Test worker] INFO  manager.ListenerWD - Before FindElementS --- By.cssSelector: h3
15:36:40.441 [Test worker] INFO  manager.ListenerWD - After FindElement---By.cssSelector: h3
15:36:40.441 [Test worker] INFO  manager.ListenerWD - List of elements 14
15:36:40.477 [Test worker] INFO  tests.TestBase - Name of methodaddNewContactWrongAddress
15:36:40.478 [Test worker] INFO  manager.ListenerWD - Before FindElement --- By.cssSelector: a[href='/add']
15:36:40.494 [Test worker] INFO  manager.ListenerWD - After FindElement---By.cssSelector: a[href='/add']
15:36:40.503 [Test worker] INFO  manager.ListenerWD - Location of element---(1204, 34)
15:36:40.548 [Test worker] INFO  manager.ListenerWD - Before FindElement --- By.cssSelector: [placeholder='Name']
15:36:40.567 [Test worker] INFO  manager.ListenerWD - After FindElement---By.cssSelector: [placeholder='Name']
15:36:40.581 [Test worker] INFO  manager.ListenerWD - Location of element---(240, 165)
15:36:40.784 [Test worker] INFO  manager.ListenerWD - Before FindElement --- By.cssSelector: [placeholder='Last Name']
15:36:40.799 [Test worker] INFO  manager.ListenerWD - After FindElement---By.cssSelector: [placeholder='Last Name']
15:36:40.810 [Test worker] INFO  manager.ListenerWD - Location of element---(240, 238)
15:36:40.986 [Test worker] INFO  manager.ListenerWD - Before FindElement --- By.cssSelector: [placeholder='Phone']
15:36:41.001 [Test worker] INFO  manager.ListenerWD - After FindElement---By.cssSelector: [placeholder='Phone']
15:36:41.015 [Test worker] INFO  manager.ListenerWD - Location of element---(240, 312)
15:36:41.230 [Test worker] INFO  manager.ListenerWD - Before FindElement --- By.cssSelector: [placeholder='email']
15:36:41.247 [Test worker] INFO  manager.ListenerWD - After FindElement---By.cssSelector: [placeholder='email']
15:36:41.258 [Test worker] INFO  manager.ListenerWD - Location of element---(240, 385)
15:36:41.496 [Test worker] INFO  manager.ListenerWD - Before FindElement --- By.cssSelector: [placeholder='Address']
15:36:41.512 [Test worker] INFO  manager.ListenerWD - After FindElement---By.cssSelector: [placeholder='Address']
15:36:41.524 [Test worker] INFO  manager.ListenerWD - Location of element---(240, 459)
15:36:41.717 [Test worker] INFO  manager.ListenerWD - Before FindElement --- By.cssSelector: [placeholder='description']
15:36:41.736 [Test worker] INFO  manager.ListenerWD - After FindElement---By.cssSelector: [placeholder='description']
15:36:41.749 [Test worker] INFO  manager.ListenerWD - Location of element---(240, 533)
15:36:41.951 [Test worker] INFO  manager.ListenerWD - Before FindElement --- By.cssSelector: .add_form__2rsm2>button
15:36:41.968 [Test worker] INFO  manager.ListenerWD - After FindElement---By.cssSelector: .add_form__2rsm2>button
15:36:41.982 [Test worker] INFO  manager.ListenerWD - Location of element---(242, 606)
15:36:42.071 [Test worker] INFO  manager.ListenerWD - Before FindElement --- By.cssSelector: .add_form__2rsm2>button
15:36:42.089 [Test worker] INFO  manager.ListenerWD - After FindElement---By.cssSelector: .add_form__2rsm2>button
15:36:42.101 [Test worker] INFO  manager.ListenerWD - Location of element---(242, 606)
15:36:42.148 [Test worker] INFO  manager.ListenerWD - Before FindElementS --- By.cssSelector: a.active[href='/add']
15:36:42.172 [Test worker] INFO  manager.ListenerWD - After FindElement---By.cssSelector: a.active[href='/add']
15:36:42.173 [Test worker] INFO  manager.ListenerWD - List of elements 1
15:36:42.174 [Test worker] INFO  tests.TestBase - Name of methodaddNewContactWrongEmail
15:36:42.175 [Test worker] INFO  manager.ListenerWD - Before FindElement --- By.cssSelector: a[href='/add']
15:36:42.191 [Test worker] INFO  manager.ListenerWD - After FindElement---By.cssSelector: a[href='/add']
15:36:42.201 [Test worker] INFO  manager.ListenerWD - Location of element---(1189, 33)
15:36:42.265 [Test worker] INFO  manager.ListenerWD - Before FindElement --- By.cssSelector: [placeholder='Name']
15:36:42.286 [Test worker] INFO  manager.ListenerWD - After FindElement---By.cssSelector: [placeholder='Name']
15:36:42.299 [Test worker] INFO  manager.ListenerWD - Location of element---(240, 165)
15:36:42.611 [Test worker] INFO  manager.ListenerWD - Before FindElement --- By.cssSelector: [placeholder='Last Name']
15:36:42.634 [Test worker] INFO  manager.ListenerWD - After FindElement---By.cssSelector: [placeholder='Last Name']
15:36:42.651 [Test worker] INFO  manager.ListenerWD - Location of element---(240, 238)
15:36:42.957 [Test worker] INFO  manager.ListenerWD - Before FindElement --- By.cssSelector: [placeholder='Phone']
15:36:42.982 [Test worker] INFO  manager.ListenerWD - After FindElement---By.cssSelector: [placeholder='Phone']
15:36:42.992 [Test worker] INFO  manager.ListenerWD - Location of element---(240, 312)
15:36:43.247 [Test worker] INFO  manager.ListenerWD - Before FindElement --- By.cssSelector: [placeholder='email']
15:36:43.267 [Test worker] INFO  manager.ListenerWD - After FindElement---By.cssSelector: [placeholder='email']
15:36:43.276 [Test worker] INFO  manager.ListenerWD - Location of element---(240, 385)
15:36:43.498 [Test worker] INFO  manager.ListenerWD - Before FindElement --- By.cssSelector: [placeholder='Address']
15:36:43.516 [Test worker] INFO  manager.ListenerWD - After FindElement---By.cssSelector: [placeholder='Address']
15:36:43.529 [Test worker] INFO  manager.ListenerWD - Location of element---(240, 459)
15:36:43.685 [Test worker] INFO  manager.ListenerWD - Before FindElement --- By.cssSelector: [placeholder='description']
15:36:43.702 [Test worker] INFO  manager.ListenerWD - After FindElement---By.cssSelector: [placeholder='description']
15:36:43.712 [Test worker] INFO  manager.ListenerWD - Location of element---(240, 533)
15:36:43.908 [Test worker] INFO  manager.ListenerWD - Before FindElement --- By.cssSelector: .add_form__2rsm2>button
15:36:43.925 [Test worker] INFO  manager.ListenerWD - After FindElement---By.cssSelector: .add_form__2rsm2>button
15:36:43.936 [Test worker] INFO  manager.ListenerWD - Location of element---(242, 606)
15:36:44.039 [Test worker] INFO  manager.ListenerWD - Before FindElement --- By.cssSelector: .add_form__2rsm2>button
15:36:44.059 [Test worker] INFO  manager.ListenerWD - After FindElement---By.cssSelector: .add_form__2rsm2>button
15:36:44.071 [Test worker] INFO  manager.ListenerWD - Location of element---(242, 606)
15:36:44.129 [Test worker] INFO  manager.ListenerWD - Huston, we have a problem
15:36:44.130 [Test worker] INFO  manager.ListenerWD - Object target---org.openqa.selenium.remote.RemoteWebDriver$RemoteTargetLocator@a826ff8
15:36:44.130 [Test worker] INFO  manager.ListenerWD - **********
15:36:44.130 [Test worker] INFO  manager.ListenerWD - Method method----alert
15:36:44.131 [Test worker] INFO  manager.ListenerWD - **********
15:36:44.131 [Test worker] INFO  manager.ListenerWD - InvocationTargetException----java.lang.reflect.InvocationTargetException
15:36:44.131 [Test worker] INFO  manager.ListenerWD - **********
15:36:44.133 [Test worker] INFO  manager.ListenerWD - InvocationTargetException----org.openqa.selenium.NoAlertPresentException: no such alert
  (Session info: chrome=112.0.5615.138)
Build info: version: '4.7.0', revision: '0a5b49d16f'
System info: os.name: 'Windows 10', os.arch: 'amd64', os.version: '10.0', java.version: '11.0.18'
Driver info: org.openqa.selenium.chrome.ChromeDriver
Command: [373cae5ca3cd879819c631f8dd10f9db, getAlertText {}]
Capabilities {acceptInsecureCerts: false, browserName: chrome, browserVersion: 112.0.5615.138, chrome: {chromedriverVersion: 112.0.5615.49 (bd2a7bcb881c..., userDataDir: C:\Program Files (x86)\scop...}, goog:chromeOptions: {debuggerAddress: localhost:59093}, networkConnectionEnabled: false, pageLoadStrategy: normal, platformName: WINDOWS, proxy: Proxy(), se:cdp: ws://localhost:59093/devtoo..., se:cdpVersion: 112.0.5615.138, setWindowRect: true, strictFileInteractability: false, timeouts: {implicit: 0, pageLoad: 300000, script: 30000}, unhandledPromptBehavior: dismiss and notify, webauthn:extension:credBlob: true, webauthn:extension:largeBlob: true, webauthn:extension:minPinLength: true, webauthn:extension:prf: true, webauthn:virtualAuthenticators: true}
Session ID: 373cae5ca3cd879819c631f8dd10f9db
15:36:44.134 [Test worker] INFO  manager.ListenerWD - **********
15:36:44.139 [Test worker] INFO  manager.ListenerWD - Screen error is---src/test/screenshots/screen1230.png
15:36:47.700 [Test worker] INFO  manager.ListenerWD - Before FindElementS --- By.cssSelector: a.active[href='/add']
15:36:47.719 [Test worker] INFO  manager.ListenerWD - After FindElement---By.cssSelector: a.active[href='/add']
15:36:47.719 [Test worker] INFO  manager.ListenerWD - List of elements 1
15:36:47.721 [Test worker] INFO  tests.TestBase - Name of methodaddNewContactWrongLastName
15:36:47.722 [Test worker] INFO  manager.ListenerWD - Before FindElement --- By.cssSelector: a[href='/add']
15:36:47.740 [Test worker] INFO  manager.ListenerWD - After FindElement---By.cssSelector: a[href='/add']
15:36:47.751 [Test worker] INFO  manager.ListenerWD - Location of element---(1189, 33)
15:36:47.815 [Test worker] INFO  manager.ListenerWD - Before FindElement --- By.cssSelector: [placeholder='Name']
15:36:47.833 [Test worker] INFO  manager.ListenerWD - After FindElement---By.cssSelector: [placeholder='Name']
15:36:47.842 [Test worker] INFO  manager.ListenerWD - Location of element---(240, 165)
15:36:47.995 [Test worker] INFO  manager.ListenerWD - Before FindElement --- By.cssSelector: [placeholder='Last Name']
15:36:48.010 [Test worker] INFO  manager.ListenerWD - After FindElement---By.cssSelector: [placeholder='Last Name']
15:36:48.019 [Test worker] INFO  manager.ListenerWD - Location of element---(240, 238)
15:36:48.160 [Test worker] INFO  manager.ListenerWD - Before FindElement --- By.cssSelector: [placeholder='Phone']
15:36:48.174 [Test worker] INFO  manager.ListenerWD - After FindElement---By.cssSelector: [placeholder='Phone']
15:36:48.183 [Test worker] INFO  manager.ListenerWD - Location of element---(240, 312)
15:36:48.363 [Test worker] INFO  manager.ListenerWD - Before FindElement --- By.cssSelector: [placeholder='email']
15:36:48.378 [Test worker] INFO  manager.ListenerWD - After FindElement---By.cssSelector: [placeholder='email']
15:36:48.387 [Test worker] INFO  manager.ListenerWD - Location of element---(240, 385)
15:36:48.545 [Test worker] INFO  manager.ListenerWD - Before FindElement --- By.cssSelector: [placeholder='Address']
15:36:48.557 [Test worker] INFO  manager.ListenerWD - After FindElement---By.cssSelector: [placeholder='Address']
15:36:48.566 [Test worker] INFO  manager.ListenerWD - Location of element---(240, 459)
15:36:48.730 [Test worker] INFO  manager.ListenerWD - Before FindElement --- By.cssSelector: [placeholder='description']
15:36:48.743 [Test worker] INFO  manager.ListenerWD - After FindElement---By.cssSelector: [placeholder='description']
15:36:48.753 [Test worker] INFO  manager.ListenerWD - Location of element---(240, 533)
15:36:48.937 [Test worker] INFO  manager.ListenerWD - Before FindElement --- By.cssSelector: .add_form__2rsm2>button
15:36:48.949 [Test worker] INFO  manager.ListenerWD - After FindElement---By.cssSelector: .add_form__2rsm2>button
15:36:48.958 [Test worker] INFO  manager.ListenerWD - Location of element---(242, 606)
15:36:49.036 [Test worker] INFO  manager.ListenerWD - Before FindElement --- By.cssSelector: .add_form__2rsm2>button
15:36:49.053 [Test worker] INFO  manager.ListenerWD - After FindElement---By.cssSelector: .add_form__2rsm2>button
15:36:49.064 [Test worker] INFO  manager.ListenerWD - Location of element---(242, 606)
15:36:49.098 [Test worker] INFO  manager.ListenerWD - Before FindElementS --- By.cssSelector: a.active[href='/add']
15:36:49.117 [Test worker] INFO  manager.ListenerWD - After FindElement---By.cssSelector: a.active[href='/add']
15:36:49.118 [Test worker] INFO  manager.ListenerWD - List of elements 1
15:36:49.120 [Test worker] INFO  tests.TestBase - Name of methodaddNewContactWrongName
15:36:49.121 [Test worker] INFO  manager.ListenerWD - Before FindElement --- By.cssSelector: a[href='/add']
15:36:49.139 [Test worker] INFO  manager.ListenerWD - After FindElement---By.cssSelector: a[href='/add']
15:36:49.149 [Test worker] INFO  manager.ListenerWD - Location of element---(1189, 33)
15:36:49.198 [Test worker] INFO  manager.ListenerWD - Before FindElement --- By.cssSelector: [placeholder='Name']
15:36:49.212 [Test worker] INFO  manager.ListenerWD - After FindElement---By.cssSelector: [placeholder='Name']
15:36:49.223 [Test worker] INFO  manager.ListenerWD - Location of element---(240, 165)
15:36:49.453 [Test worker] INFO  manager.ListenerWD - Before FindElement --- By.cssSelector: [placeholder='Last Name']
15:36:49.468 [Test worker] INFO  manager.ListenerWD - After FindElement---By.cssSelector: [placeholder='Last Name']
15:36:49.475 [Test worker] INFO  manager.ListenerWD - Location of element---(240, 238)
15:36:49.617 [Test worker] INFO  manager.ListenerWD - Before FindElement --- By.cssSelector: [placeholder='Phone']
15:36:49.630 [Test worker] INFO  manager.ListenerWD - After FindElement---By.cssSelector: [placeholder='Phone']
15:36:49.636 [Test worker] INFO  manager.ListenerWD - Location of element---(240, 312)
15:36:49.902 [Test worker] INFO  manager.ListenerWD - Before FindElement --- By.cssSelector: [placeholder='email']
15:36:49.923 [Test worker] INFO  manager.ListenerWD - After FindElement---By.cssSelector: [placeholder='email']
15:36:49.942 [Test worker] INFO  manager.ListenerWD - Location of element---(240, 385)
15:36:50.108 [Test worker] INFO  manager.ListenerWD - Before FindElement --- By.cssSelector: [placeholder='Address']
15:36:50.122 [Test worker] INFO  manager.ListenerWD - After FindElement---By.cssSelector: [placeholder='Address']
15:36:50.131 [Test worker] INFO  manager.ListenerWD - Location of element---(240, 459)
15:36:50.290 [Test worker] INFO  manager.ListenerWD - Before FindElement --- By.cssSelector: [placeholder='description']
15:36:50.303 [Test worker] INFO  manager.ListenerWD - After FindElement---By.cssSelector: [placeholder='description']
15:36:50.310 [Test worker] INFO  manager.ListenerWD - Location of element---(240, 533)
15:36:50.927 [Test worker] INFO  manager.ListenerWD - Before FindElement --- By.cssSelector: .add_form__2rsm2>button
15:36:50.940 [Test worker] INFO  manager.ListenerWD - After FindElement---By.cssSelector: .add_form__2rsm2>button
15:36:50.950 [Test worker] INFO  manager.ListenerWD - Location of element---(242, 606)
15:36:51.048 [Test worker] INFO  manager.ListenerWD - Before FindElement --- By.cssSelector: .add_form__2rsm2>button
15:36:51.065 [Test worker] INFO  manager.ListenerWD - After FindElement---By.cssSelector: .add_form__2rsm2>button
15:36:51.074 [Test worker] INFO  manager.ListenerWD - Location of element---(242, 606)
15:36:51.104 [Test worker] INFO  manager.ListenerWD - Before FindElementS --- By.cssSelector: a.active[href='/add']
15:36:51.120 [Test worker] INFO  manager.ListenerWD - After FindElement---By.cssSelector: a.active[href='/add']
15:36:51.121 [Test worker] INFO  manager.ListenerWD - List of elements 1
15:36:51.122 [Test worker] INFO  tests.TestBase - Name of methodaddNewContactWrongPhone
15:36:51.123 [Test worker] INFO  manager.ListenerWD - Before FindElement --- By.cssSelector: a[href='/add']
15:36:51.140 [Test worker] INFO  manager.ListenerWD - After FindElement---By.cssSelector: a[href='/add']
15:36:51.150 [Test worker] INFO  manager.ListenerWD - Location of element---(1189, 33)
15:36:51.217 [Test worker] INFO  manager.ListenerWD - Before FindElement --- By.cssSelector: [placeholder='Name']
15:36:51.237 [Test worker] INFO  manager.ListenerWD - After FindElement---By.cssSelector: [placeholder='Name']
15:36:51.245 [Test worker] INFO  manager.ListenerWD - Location of element---(240, 165)
15:36:51.366 [Test worker] INFO  manager.ListenerWD - Before FindElement --- By.cssSelector: [placeholder='Last Name']
15:36:51.379 [Test worker] INFO  manager.ListenerWD - After FindElement---By.cssSelector: [placeholder='Last Name']
15:36:51.386 [Test worker] INFO  manager.ListenerWD - Location of element---(240, 238)
15:36:51.518 [Test worker] INFO  manager.ListenerWD - Before FindElement --- By.cssSelector: [placeholder='Phone']
15:36:51.530 [Test worker] INFO  manager.ListenerWD - After FindElement---By.cssSelector: [placeholder='Phone']
15:36:51.536 [Test worker] INFO  manager.ListenerWD - Location of element---(240, 312)
15:36:51.678 [Test worker] INFO  manager.ListenerWD - Before FindElement --- By.cssSelector: [placeholder='email']
15:36:51.690 [Test worker] INFO  manager.ListenerWD - After FindElement---By.cssSelector: [placeholder='email']
15:36:51.699 [Test worker] INFO  manager.ListenerWD - Location of element---(240, 385)
15:36:51.887 [Test worker] INFO  manager.ListenerWD - Before FindElement --- By.cssSelector: [placeholder='Address']
15:36:51.899 [Test worker] INFO  manager.ListenerWD - After FindElement---By.cssSelector: [placeholder='Address']
15:36:51.907 [Test worker] INFO  manager.ListenerWD - Location of element---(240, 459)
15:36:52.063 [Test worker] INFO  manager.ListenerWD - Before FindElement --- By.cssSelector: [placeholder='description']
15:36:52.075 [Test worker] INFO  manager.ListenerWD - After FindElement---By.cssSelector: [placeholder='description']
15:36:52.083 [Test worker] INFO  manager.ListenerWD - Location of element---(240, 533)
15:36:52.251 [Test worker] INFO  manager.ListenerWD - Before FindElement --- By.cssSelector: .add_form__2rsm2>button
15:36:52.264 [Test worker] INFO  manager.ListenerWD - After FindElement---By.cssSelector: .add_form__2rsm2>button
15:36:52.272 [Test worker] INFO  manager.ListenerWD - Location of element---(242, 606)
15:36:52.357 [Test worker] INFO  manager.ListenerWD - Before FindElement --- By.cssSelector: .add_form__2rsm2>button
15:36:52.372 [Test worker] INFO  manager.ListenerWD - After FindElement---By.cssSelector: .add_form__2rsm2>button
15:36:52.381 [Test worker] INFO  manager.ListenerWD - Location of element---(242, 606)
15:36:52.405 [Test worker] INFO  manager.ListenerWD - Before FindElementS --- By.cssSelector: a.active[href='/add']
15:36:52.418 [Test worker] INFO  manager.ListenerWD - After FindElement---By.cssSelector: a.active[href='/add']
15:36:52.419 [Test worker] INFO  manager.ListenerWD - List of elements 1
15:36:52.427 [Test worker] INFO  manager.ListenerWD - Huston, we have a problem
15:36:52.427 [Test worker] INFO  manager.ListenerWD - Object target---org.openqa.selenium.remote.RemoteWebDriver$RemoteTargetLocator@3220c28
15:36:52.427 [Test worker] INFO  manager.ListenerWD - **********
15:36:52.427 [Test worker] INFO  manager.ListenerWD - Method method----alert
15:36:52.427 [Test worker] INFO  manager.ListenerWD - **********
15:36:52.427 [Test worker] INFO  manager.ListenerWD - InvocationTargetException----java.lang.reflect.InvocationTargetException
15:36:52.427 [Test worker] INFO  manager.ListenerWD - **********
15:36:52.427 [Test worker] INFO  manager.ListenerWD - InvocationTargetException----org.openqa.selenium.NoAlertPresentException: no such alert
  (Session info: chrome=112.0.5615.138)
Build info: version: '4.7.0', revision: '0a5b49d16f'
System info: os.name: 'Windows 10', os.arch: 'amd64', os.version: '10.0', java.version: '11.0.18'
Driver info: org.openqa.selenium.chrome.ChromeDriver
Command: [373cae5ca3cd879819c631f8dd10f9db, getAlertText {}]
Capabilities {acceptInsecureCerts: false, browserName: chrome, browserVersion: 112.0.5615.138, chrome: {chromedriverVersion: 112.0.5615.49 (bd2a7bcb881c..., userDataDir: C:\Program Files (x86)\scop...}, goog:chromeOptions: {debuggerAddress: localhost:59093}, networkConnectionEnabled: false, pageLoadStrategy: normal, platformName: WINDOWS, proxy: Proxy(), se:cdp: ws://localhost:59093/devtoo..., se:cdpVersion: 112.0.5615.138, setWindowRect: true, strictFileInteractability: false, timeouts: {implicit: 0, pageLoad: 300000, script: 30000}, unhandledPromptBehavior: dismiss and notify, webauthn:extension:credBlob: true, webauthn:extension:largeBlob: true, webauthn:extension:minPinLength: true, webauthn:extension:prf: true, webauthn:virtualAuthenticators: true}
Session ID: 373cae5ca3cd879819c631f8dd10f9db
15:36:52.427 [Test worker] INFO  manager.ListenerWD - **********
15:36:52.427 [Test worker] INFO  manager.ListenerWD - Screen error is---src/test/screenshots/screen1398.png
15:36:57.967 [Test worker] INFO  tests.TestBase - Name of methodaddNewContactWrongPhone
15:36:57.969 [Test worker] INFO  manager.ListenerWD - Before FindElement --- By.cssSelector: a[href='/add']
15:36:57.988 [Test worker] INFO  manager.ListenerWD - After FindElement---By.cssSelector: a[href='/add']
15:36:57.999 [Test worker] INFO  manager.ListenerWD - Location of element---(1189, 33)
15:36:58.062 [Test worker] INFO  manager.ListenerWD - Before FindElement --- By.cssSelector: [placeholder='Name']
15:36:58.082 [Test worker] INFO  manager.ListenerWD - After FindElement---By.cssSelector: [placeholder='Name']
15:36:58.093 [Test worker] INFO  manager.ListenerWD - Location of element---(240, 165)
15:36:58.256 [Test worker] INFO  manager.ListenerWD - Before FindElement --- By.cssSelector: [placeholder='Last Name']
15:36:58.269 [Test worker] INFO  manager.ListenerWD - After FindElement---By.cssSelector: [placeholder='Last Name']
15:36:58.280 [Test worker] INFO  manager.ListenerWD - Location of element---(240, 238)
15:36:58.440 [Test worker] INFO  manager.ListenerWD - Before FindElement --- By.cssSelector: [placeholder='Phone']
15:36:58.455 [Test worker] INFO  manager.ListenerWD - After FindElement---By.cssSelector: [placeholder='Phone']
15:36:58.464 [Test worker] INFO  manager.ListenerWD - Location of element---(240, 312)
15:36:58.643 [Test worker] INFO  manager.ListenerWD - Before FindElement --- By.cssSelector: [placeholder='email']
15:36:58.655 [Test worker] INFO  manager.ListenerWD - After FindElement---By.cssSelector: [placeholder='email']
15:36:58.664 [Test worker] INFO  manager.ListenerWD - Location of element---(240, 385)
15:36:58.821 [Test worker] INFO  manager.ListenerWD - Before FindElement --- By.cssSelector: [placeholder='Address']
15:36:58.833 [Test worker] INFO  manager.ListenerWD - After FindElement---By.cssSelector: [placeholder='Address']
15:36:58.839 [Test worker] INFO  manager.ListenerWD - Location of element---(240, 459)
15:36:58.974 [Test worker] INFO  manager.ListenerWD - Before FindElement --- By.cssSelector: [placeholder='description']
15:36:58.988 [Test worker] INFO  manager.ListenerWD - After FindElement---By.cssSelector: [placeholder='description']
15:36:58.995 [Test worker] INFO  manager.ListenerWD - Location of element---(240, 533)
15:36:59.168 [Test worker] INFO  manager.ListenerWD - Before FindElement --- By.cssSelector: .add_form__2rsm2>button
15:36:59.182 [Test worker] INFO  manager.ListenerWD - After FindElement---By.cssSelector: .add_form__2rsm2>button
15:36:59.188 [Test worker] INFO  manager.ListenerWD - Location of element---(242, 606)
15:36:59.283 [Test worker] INFO  manager.ListenerWD - Before FindElement --- By.cssSelector: .add_form__2rsm2>button
15:36:59.298 [Test worker] INFO  manager.ListenerWD - After FindElement---By.cssSelector: .add_form__2rsm2>button
15:36:59.306 [Test worker] INFO  manager.ListenerWD - Location of element---(242, 606)
15:36:59.334 [Test worker] INFO  manager.ListenerWD - Before FindElementS --- By.cssSelector: a.active[href='/add']
15:36:59.349 [Test worker] INFO  manager.ListenerWD - After FindElement---By.cssSelector: a.active[href='/add']
15:36:59.349 [Test worker] INFO  manager.ListenerWD - List of elements 1
15:36:59.356 [Test worker] INFO  manager.ListenerWD - Huston, we have a problem
15:36:59.357 [Test worker] INFO  manager.ListenerWD - Object target---org.openqa.selenium.remote.RemoteWebDriver$RemoteTargetLocator@3f80d8c
15:36:59.357 [Test worker] INFO  manager.ListenerWD - **********
15:36:59.357 [Test worker] INFO  manager.ListenerWD - Method method----alert
15:36:59.357 [Test worker] INFO  manager.ListenerWD - **********
15:36:59.357 [Test worker] INFO  manager.ListenerWD - InvocationTargetException----java.lang.reflect.InvocationTargetException
15:36:59.357 [Test worker] INFO  manager.ListenerWD - **********
15:36:59.357 [Test worker] INFO  manager.ListenerWD - InvocationTargetException----org.openqa.selenium.NoAlertPresentException: no such alert
  (Session info: chrome=112.0.5615.138)
Build info: version: '4.7.0', revision: '0a5b49d16f'
System info: os.name: 'Windows 10', os.arch: 'amd64', os.version: '10.0', java.version: '11.0.18'
Driver info: org.openqa.selenium.chrome.ChromeDriver
Command: [373cae5ca3cd879819c631f8dd10f9db, getAlertText {}]
Capabilities {acceptInsecureCerts: false, browserName: chrome, browserVersion: 112.0.5615.138, chrome: {chromedriverVersion: 112.0.5615.49 (bd2a7bcb881c..., userDataDir: C:\Program Files (x86)\scop...}, goog:chromeOptions: {debuggerAddress: localhost:59093}, networkConnectionEnabled: false, pageLoadStrategy: normal, platformName: WINDOWS, proxy: Proxy(), se:cdp: ws://localhost:59093/devtoo..., se:cdpVersion: 112.0.5615.138, setWindowRect: true, strictFileInteractability: false, timeouts: {implicit: 0, pageLoad: 300000, script: 30000}, unhandledPromptBehavior: dismiss and notify, webauthn:extension:credBlob: true, webauthn:extension:largeBlob: true, webauthn:extension:minPinLength: true, webauthn:extension:prf: true, webauthn:virtualAuthenticators: true}
Session ID: 373cae5ca3cd879819c631f8dd10f9db
15:36:59.357 [Test worker] INFO  manager.ListenerWD - **********
15:36:59.357 [Test worker] INFO  manager.ListenerWD - Screen error is---src/test/screenshots/screen1852.png
15:37:04.898 [Test worker] INFO  tests.TestBase - Name of methodaddNewContactWrongPhone
15:37:04.900 [Test worker] INFO  manager.ListenerWD - Before FindElement --- By.cssSelector: a[href='/add']
15:37:04.951 [Test worker] INFO  manager.ListenerWD - After FindElement---By.cssSelector: a[href='/add']
15:37:04.961 [Test worker] INFO  manager.ListenerWD - Location of element---(1189, 33)
15:37:05.013 [Test worker] INFO  manager.ListenerWD - Before FindElement --- By.cssSelector: [placeholder='Name']
15:37:05.030 [Test worker] INFO  manager.ListenerWD - After FindElement---By.cssSelector: [placeholder='Name']
15:37:05.039 [Test worker] INFO  manager.ListenerWD - Location of element---(240, 165)
15:37:05.205 [Test worker] INFO  manager.ListenerWD - Before FindElement --- By.cssSelector: [placeholder='Last Name']
15:37:05.216 [Test worker] INFO  manager.ListenerWD - After FindElement---By.cssSelector: [placeholder='Last Name']
15:37:05.222 [Test worker] INFO  manager.ListenerWD - Location of element---(240, 238)
15:37:05.349 [Test worker] INFO  manager.ListenerWD - Before FindElement --- By.cssSelector: [placeholder='Phone']
15:37:05.360 [Test worker] INFO  manager.ListenerWD - After FindElement---By.cssSelector: [placeholder='Phone']
15:37:05.368 [Test worker] INFO  manager.ListenerWD - Location of element---(240, 312)
15:37:05.543 [Test worker] INFO  manager.ListenerWD - Before FindElement --- By.cssSelector: [placeholder='email']
15:37:05.562 [Test worker] INFO  manager.ListenerWD - After FindElement---By.cssSelector: [placeholder='email']
15:37:05.570 [Test worker] INFO  manager.ListenerWD - Location of element---(240, 385)
15:37:05.748 [Test worker] INFO  manager.ListenerWD - Before FindElement --- By.cssSelector: [placeholder='Address']
15:37:05.761 [Test worker] INFO  manager.ListenerWD - After FindElement---By.cssSelector: [placeholder='Address']
15:37:05.770 [Test worker] INFO  manager.ListenerWD - Location of element---(240, 459)
15:37:05.906 [Test worker] INFO  manager.ListenerWD - Before FindElement --- By.cssSelector: [placeholder='description']
15:37:05.919 [Test worker] INFO  manager.ListenerWD - After FindElement---By.cssSelector: [placeholder='description']
15:37:05.926 [Test worker] INFO  manager.ListenerWD - Location of element---(240, 533)
15:37:06.086 [Test worker] INFO  manager.ListenerWD - Before FindElement --- By.cssSelector: .add_form__2rsm2>button
15:37:06.097 [Test worker] INFO  manager.ListenerWD - After FindElement---By.cssSelector: .add_form__2rsm2>button
15:37:06.104 [Test worker] INFO  manager.ListenerWD - Location of element---(242, 606)
15:37:06.197 [Test worker] INFO  manager.ListenerWD - Before FindElement --- By.cssSelector: .add_form__2rsm2>button
15:37:06.213 [Test worker] INFO  manager.ListenerWD - After FindElement---By.cssSelector: .add_form__2rsm2>button
15:37:06.222 [Test worker] INFO  manager.ListenerWD - Location of element---(242, 606)
15:37:06.261 [Test worker] INFO  manager.ListenerWD - Before FindElementS --- By.cssSelector: a.active[href='/add']
15:37:06.286 [Test worker] INFO  manager.ListenerWD - After FindElement---By.cssSelector: a.active[href='/add']
15:37:06.286 [Test worker] INFO  manager.ListenerWD - List of elements 1
15:37:06.294 [Test worker] INFO  manager.ListenerWD - Huston, we have a problem
15:37:06.294 [Test worker] INFO  manager.ListenerWD - Object target---org.openqa.selenium.remote.RemoteWebDriver$RemoteTargetLocator@8d5da7e
15:37:06.294 [Test worker] INFO  manager.ListenerWD - **********
15:37:06.294 [Test worker] INFO  manager.ListenerWD - Method method----alert
15:37:06.294 [Test worker] INFO  manager.ListenerWD - **********
15:37:06.294 [Test worker] INFO  manager.ListenerWD - InvocationTargetException----java.lang.reflect.InvocationTargetException
15:37:06.294 [Test worker] INFO  manager.ListenerWD - **********
15:37:06.294 [Test worker] INFO  manager.ListenerWD - InvocationTargetException----org.openqa.selenium.NoAlertPresentException: no such alert
  (Session info: chrome=112.0.5615.138)
Build info: version: '4.7.0', revision: '0a5b49d16f'
System info: os.name: 'Windows 10', os.arch: 'amd64', os.version: '10.0', java.version: '11.0.18'
Driver info: org.openqa.selenium.chrome.ChromeDriver
Command: [373cae5ca3cd879819c631f8dd10f9db, getAlertText {}]
Capabilities {acceptInsecureCerts: false, browserName: chrome, browserVersion: 112.0.5615.138, chrome: {chromedriverVersion: 112.0.5615.49 (bd2a7bcb881c..., userDataDir: C:\Program Files (x86)\scop...}, goog:chromeOptions: {debuggerAddress: localhost:59093}, networkConnectionEnabled: false, pageLoadStrategy: normal, platformName: WINDOWS, proxy: Proxy(), se:cdp: ws://localhost:59093/devtoo..., se:cdpVersion: 112.0.5615.138, setWindowRect: true, strictFileInteractability: false, timeouts: {implicit: 0, pageLoad: 300000, script: 30000}, unhandledPromptBehavior: dismiss and notify, webauthn:extension:credBlob: true, webauthn:extension:largeBlob: true, webauthn:extension:minPinLength: true, webauthn:extension:prf: true, webauthn:virtualAuthenticators: true}
Session ID: 373cae5ca3cd879819c631f8dd10f9db
15:37:06.294 [Test worker] INFO  manager.ListenerWD - **********
15:37:06.294 [Test worker] INFO  manager.ListenerWD - Screen error is---src/test/screenshots/screen1175.png
15:37:11.828 [Test worker] INFO  tests.TestBase - Name of methodaddNewContactWrongPhone
15:37:11.829 [Test worker] INFO  manager.ListenerWD - Before FindElement --- By.cssSelector: a[href='/add']
15:37:11.844 [Test worker] INFO  manager.ListenerWD - After FindElement---By.cssSelector: a[href='/add']
15:37:11.855 [Test worker] INFO  manager.ListenerWD - Location of element---(1189, 33)
15:37:11.910 [Test worker] INFO  manager.ListenerWD - Before FindElement --- By.cssSelector: [placeholder='Name']
15:37:11.931 [Test worker] INFO  manager.ListenerWD - After FindElement---By.cssSelector: [placeholder='Name']
15:37:11.943 [Test worker] INFO  manager.ListenerWD - Location of element---(240, 165)
15:37:12.098 [Test worker] INFO  manager.ListenerWD - Before FindElement --- By.cssSelector: [placeholder='Last Name']
15:37:12.109 [Test worker] INFO  manager.ListenerWD - After FindElement---By.cssSelector: [placeholder='Last Name']
15:37:12.116 [Test worker] INFO  manager.ListenerWD - Location of element---(240, 238)
15:37:12.255 [Test worker] INFO  manager.ListenerWD - Before FindElement --- By.cssSelector: [placeholder='Phone']
15:37:12.267 [Test worker] INFO  manager.ListenerWD - After FindElement---By.cssSelector: [placeholder='Phone']
15:37:12.275 [Test worker] INFO  manager.ListenerWD - Location of element---(240, 312)
15:37:12.410 [Test worker] INFO  manager.ListenerWD - Before FindElement --- By.cssSelector: [placeholder='email']
15:37:12.425 [Test worker] INFO  manager.ListenerWD - After FindElement---By.cssSelector: [placeholder='email']
15:37:12.435 [Test worker] INFO  manager.ListenerWD - Location of element---(240, 385)
15:37:12.618 [Test worker] INFO  manager.ListenerWD - Before FindElement --- By.cssSelector: [placeholder='Address']
15:37:12.631 [Test worker] INFO  manager.ListenerWD - After FindElement---By.cssSelector: [placeholder='Address']
15:37:12.640 [Test worker] INFO  manager.ListenerWD - Location of element---(240, 459)
15:37:12.797 [Test worker] INFO  manager.ListenerWD - Before FindElement --- By.cssSelector: [placeholder='description']
15:37:12.808 [Test worker] INFO  manager.ListenerWD - After FindElement---By.cssSelector: [placeholder='description']
15:37:12.814 [Test worker] INFO  manager.ListenerWD - Location of element---(240, 533)
15:37:12.949 [Test worker] INFO  manager.ListenerWD - Before FindElement --- By.cssSelector: .add_form__2rsm2>button
15:37:12.961 [Test worker] INFO  manager.ListenerWD - After FindElement---By.cssSelector: .add_form__2rsm2>button
15:37:12.966 [Test worker] INFO  manager.ListenerWD - Location of element---(242, 606)
15:37:13.049 [Test worker] INFO  manager.ListenerWD - Before FindElement --- By.cssSelector: .add_form__2rsm2>button
15:37:13.067 [Test worker] INFO  manager.ListenerWD - After FindElement---By.cssSelector: .add_form__2rsm2>button
15:37:13.076 [Test worker] INFO  manager.ListenerWD - Location of element---(242, 606)
15:37:13.100 [Test worker] INFO  manager.ListenerWD - Before FindElementS --- By.cssSelector: a.active[href='/add']
15:37:13.113 [Test worker] INFO  manager.ListenerWD - After FindElement---By.cssSelector: a.active[href='/add']
15:37:13.113 [Test worker] INFO  manager.ListenerWD - List of elements 1
15:37:13.119 [Test worker] INFO  manager.ListenerWD - Huston, we have a problem
15:37:13.120 [Test worker] INFO  manager.ListenerWD - Object target---org.openqa.selenium.remote.RemoteWebDriver$RemoteTargetLocator@3adde4ea
15:37:13.120 [Test worker] INFO  manager.ListenerWD - **********
15:37:13.120 [Test worker] INFO  manager.ListenerWD - Method method----alert
15:37:13.120 [Test worker] INFO  manager.ListenerWD - **********
15:37:13.120 [Test worker] INFO  manager.ListenerWD - InvocationTargetException----java.lang.reflect.InvocationTargetException
15:37:13.120 [Test worker] INFO  manager.ListenerWD - **********
15:37:13.120 [Test worker] INFO  manager.ListenerWD - InvocationTargetException----org.openqa.selenium.NoAlertPresentException: no such alert
  (Session info: chrome=112.0.5615.138)
Build info: version: '4.7.0', revision: '0a5b49d16f'
System info: os.name: 'Windows 10', os.arch: 'amd64', os.version: '10.0', java.version: '11.0.18'
Driver info: org.openqa.selenium.chrome.ChromeDriver
Command: [373cae5ca3cd879819c631f8dd10f9db, getAlertText {}]
Capabilities {acceptInsecureCerts: false, browserName: chrome, browserVersion: 112.0.5615.138, chrome: {chromedriverVersion: 112.0.5615.49 (bd2a7bcb881c..., userDataDir: C:\Program Files (x86)\scop...}, goog:chromeOptions: {debuggerAddress: localhost:59093}, networkConnectionEnabled: false, pageLoadStrategy: normal, platformName: WINDOWS, proxy: Proxy(), se:cdp: ws://localhost:59093/devtoo..., se:cdpVersion: 112.0.5615.138, setWindowRect: true, strictFileInteractability: false, timeouts: {implicit: 0, pageLoad: 300000, script: 30000}, unhandledPromptBehavior: dismiss and notify, webauthn:extension:credBlob: true, webauthn:extension:largeBlob: true, webauthn:extension:minPinLength: true, webauthn:extension:prf: true, webauthn:virtualAuthenticators: true}
Session ID: 373cae5ca3cd879819c631f8dd10f9db
15:37:13.120 [Test worker] INFO  manager.ListenerWD - **********
15:37:13.120 [Test worker] INFO  manager.ListenerWD - Screen error is---src/test/screenshots/screen1613.png
