18:18:05.957 [Test worker] INFO  manager.ApplicationManager - All tests run in Chrome
18:18:09.816 [Test worker] INFO  manager.ApplicationManager - The link--->https://telranedu.web.app/home
18:18:09.878 [Test worker] INFO  tests.TestBase - Name of methodloginWrongEmail
18:18:09.896 [Test worker] INFO  manager.ListenerWD - Before FindElementS --- By.xpath: //button[text()='Sign Out']
18:18:14.980 [Test worker] INFO  manager.ListenerWD - After FindElement---By.xpath: //button[text()='Sign Out']
18:18:14.980 [Test worker] INFO  manager.ListenerWD - List of elements 0
18:18:14.982 [Test worker] INFO  tests.TestBase - Start test 'loginWrongEmail'
18:18:14.983 [Test worker] INFO  tests.TestBase - Test data --> email: 'qwertymail.com' & password 'Ff12345$'
18:18:14.983 [Test worker] INFO  manager.ListenerWD - Before FindElement --- By.cssSelector: a[href='/login']
18:18:15.022 [Test worker] INFO  manager.ListenerWD - After FindElement---By.cssSelector: a[href='/login']
18:18:15.041 [Test worker] INFO  manager.ListenerWD - Location of element---(1426, 34)
18:18:15.118 [Test worker] INFO  manager.ListenerWD - Before FindElement --- By.name: email
18:18:15.167 [Test worker] INFO  manager.ListenerWD - After FindElement---By.name: email
18:18:15.178 [Test worker] INFO  manager.ListenerWD - Location of element---(568, 250)
18:18:15.414 [Test worker] INFO  manager.ListenerWD - Before FindElement --- By.xpath: //input[last()]
18:18:15.450 [Test worker] INFO  manager.ListenerWD - After FindElement---By.xpath: //input[last()]
18:18:15.461 [Test worker] INFO  manager.ListenerWD - Location of element---(568, 320)
18:18:15.643 [Test worker] INFO  manager.ListenerWD - Before FindElement --- By.xpath: //button[text()='Login']
18:18:15.675 [Test worker] INFO  manager.ListenerWD - After FindElement---By.xpath: //button[text()='Login']
18:18:15.688 [Test worker] INFO  manager.ListenerWD - Location of element---(568, 390)
18:18:15.788 [Test worker] INFO  manager.ListenerWD - Huston, we have a problem
18:18:15.788 [Test worker] INFO  manager.ListenerWD - Object target---org.openqa.selenium.remote.RemoteWebDriver$RemoteTargetLocator@327c7bea
18:18:15.788 [Test worker] INFO  manager.ListenerWD - **********
18:18:15.789 [Test worker] INFO  manager.ListenerWD - Method method----alert
18:18:15.789 [Test worker] INFO  manager.ListenerWD - **********
18:18:15.789 [Test worker] INFO  manager.ListenerWD - InvocationTargetException----java.lang.reflect.InvocationTargetException
18:18:15.790 [Test worker] INFO  manager.ListenerWD - **********
18:18:15.792 [Test worker] INFO  manager.ListenerWD - InvocationTargetException----org.openqa.selenium.NoAlertPresentException: no such alert
  (Session info: chrome=112.0.5615.138)
Build info: version: '4.7.0', revision: '0a5b49d16f'
System info: os.name: 'Windows 10', os.arch: 'amd64', os.version: '10.0', java.version: '1.8.0_361'
Driver info: org.openqa.selenium.chrome.ChromeDriver
Command: [250245b45d9150f3071fc297313fa027, getAlertText {}]
Capabilities {acceptInsecureCerts: false, browserName: chrome, browserVersion: 112.0.5615.138, chrome: {chromedriverVersion: 112.0.5615.49 (bd2a7bcb881c..., userDataDir: C:\Program Files (x86)\scop...}, goog:chromeOptions: {debuggerAddress: localhost:60985}, networkConnectionEnabled: false, pageLoadStrategy: normal, platformName: WINDOWS, proxy: Proxy(), se:cdp: ws://localhost:60985/devtoo..., se:cdpVersion: 112.0.5615.138, setWindowRect: true, strictFileInteractability: false, timeouts: {implicit: 0, pageLoad: 300000, script: 30000}, unhandledPromptBehavior: dismiss and notify, webauthn:extension:credBlob: true, webauthn:extension:largeBlob: true, webauthn:extension:minPinLength: true, webauthn:extension:prf: true, webauthn:virtualAuthenticators: true}
Session ID: 250245b45d9150f3071fc297313fa027
18:18:15.793 [Test worker] INFO  manager.ListenerWD - **********
18:18:15.793 [Test worker] INFO  manager.ListenerWD - Screen error is---src/test/screenshots/screen1615.png
18:18:16.321 [Test worker] INFO  manager.ListenerWD - Huston, we have a problem
18:18:16.322 [Test worker] INFO  manager.ListenerWD - Object target---org.openqa.selenium.remote.RemoteWebDriver$RemoteTargetLocator@7e4d2287
18:18:16.322 [Test worker] INFO  manager.ListenerWD - **********
18:18:16.322 [Test worker] INFO  manager.ListenerWD - Method method----alert
18:18:16.322 [Test worker] INFO  manager.ListenerWD - **********
18:18:16.323 [Test worker] INFO  manager.ListenerWD - InvocationTargetException----java.lang.reflect.InvocationTargetException
18:18:16.323 [Test worker] INFO  manager.ListenerWD - **********
18:18:16.323 [Test worker] INFO  manager.ListenerWD - InvocationTargetException----org.openqa.selenium.NoAlertPresentException: no such alert
  (Session info: chrome=112.0.5615.138)
Build info: version: '4.7.0', revision: '0a5b49d16f'
System info: os.name: 'Windows 10', os.arch: 'amd64', os.version: '10.0', java.version: '1.8.0_361'
Driver info: org.openqa.selenium.chrome.ChromeDriver
Command: [250245b45d9150f3071fc297313fa027, getAlertText {}]
Capabilities {acceptInsecureCerts: false, browserName: chrome, browserVersion: 112.0.5615.138, chrome: {chromedriverVersion: 112.0.5615.49 (bd2a7bcb881c..., userDataDir: C:\Program Files (x86)\scop...}, goog:chromeOptions: {debuggerAddress: localhost:60985}, networkConnectionEnabled: false, pageLoadStrategy: normal, platformName: WINDOWS, proxy: Proxy(), se:cdp: ws://localhost:60985/devtoo..., se:cdpVersion: 112.0.5615.138, setWindowRect: true, strictFileInteractability: false, timeouts: {implicit: 0, pageLoad: 300000, script: 30000}, unhandledPromptBehavior: dismiss and notify, webauthn:extension:credBlob: true, webauthn:extension:largeBlob: true, webauthn:extension:minPinLength: true, webauthn:extension:prf: true, webauthn:virtualAuthenticators: true}
Session ID: 250245b45d9150f3071fc297313fa027
18:18:16.324 [Test worker] INFO  manager.ListenerWD - **********
18:18:16.324 [Test worker] INFO  manager.ListenerWD - Screen error is---src/test/screenshots/screen1526.png
18:18:16.856 [Test worker] INFO  manager.ListenerWD - Huston, we have a problem
18:18:16.856 [Test worker] INFO  manager.ListenerWD - Object target---org.openqa.selenium.remote.RemoteWebDriver$RemoteTargetLocator@6d9fb2d1
18:18:16.856 [Test worker] INFO  manager.ListenerWD - **********
18:18:16.856 [Test worker] INFO  manager.ListenerWD - Method method----alert
18:18:16.856 [Test worker] INFO  manager.ListenerWD - **********
18:18:16.856 [Test worker] INFO  manager.ListenerWD - InvocationTargetException----java.lang.reflect.InvocationTargetException
18:18:16.856 [Test worker] INFO  manager.ListenerWD - **********
18:18:16.857 [Test worker] INFO  manager.ListenerWD - InvocationTargetException----org.openqa.selenium.NoAlertPresentException: no such alert
  (Session info: chrome=112.0.5615.138)
Build info: version: '4.7.0', revision: '0a5b49d16f'
System info: os.name: 'Windows 10', os.arch: 'amd64', os.version: '10.0', java.version: '1.8.0_361'
Driver info: org.openqa.selenium.chrome.ChromeDriver
Command: [250245b45d9150f3071fc297313fa027, getAlertText {}]
Capabilities {acceptInsecureCerts: false, browserName: chrome, browserVersion: 112.0.5615.138, chrome: {chromedriverVersion: 112.0.5615.49 (bd2a7bcb881c..., userDataDir: C:\Program Files (x86)\scop...}, goog:chromeOptions: {debuggerAddress: localhost:60985}, networkConnectionEnabled: false, pageLoadStrategy: normal, platformName: WINDOWS, proxy: Proxy(), se:cdp: ws://localhost:60985/devtoo..., se:cdpVersion: 112.0.5615.138, setWindowRect: true, strictFileInteractability: false, timeouts: {implicit: 0, pageLoad: 300000, script: 30000}, unhandledPromptBehavior: dismiss and notify, webauthn:extension:credBlob: true, webauthn:extension:largeBlob: true, webauthn:extension:minPinLength: true, webauthn:extension:prf: true, webauthn:virtualAuthenticators: true}
Session ID: 250245b45d9150f3071fc297313fa027
18:18:16.858 [Test worker] INFO  manager.ListenerWD - **********
18:18:16.859 [Test worker] INFO  manager.ListenerWD - Screen error is---src/test/screenshots/screen1294.png
18:18:17.415 [Test worker] INFO  tests.TestBase - Assert check is Alert 'Wrong email or password' is present
18:18:17.426 [Test worker] INFO  tests.TestBase - Name of methodregistrationSuccess
18:18:17.428 [Test worker] INFO  manager.ListenerWD - Before FindElementS --- By.xpath: //button[text()='Sign Out']
18:18:22.495 [Test worker] INFO  manager.ListenerWD - After FindElement---By.xpath: //button[text()='Sign Out']
18:18:22.496 [Test worker] INFO  manager.ListenerWD - List of elements 0
18:18:22.498 [Test worker] INFO  manager.ListenerWD - Before FindElement --- By.cssSelector: a[href='/login']
18:18:22.521 [Test worker] INFO  manager.ListenerWD - After FindElement---By.cssSelector: a[href='/login']
18:18:22.539 [Test worker] INFO  manager.ListenerWD - Location of element---(1425, 33)
18:18:22.598 [Test worker] INFO  manager.ListenerWD - Before FindElement --- By.name: email
18:18:22.620 [Test worker] INFO  manager.ListenerWD - After FindElement---By.name: email
18:18:22.634 [Test worker] INFO  manager.ListenerWD - Location of element---(568, 281)
18:18:22.866 [Test worker] INFO  manager.ListenerWD - Before FindElement --- By.xpath: //input[last()]
18:18:22.886 [Test worker] INFO  manager.ListenerWD - After FindElement---By.xpath: //input[last()]
18:18:22.899 [Test worker] INFO  manager.ListenerWD - Location of element---(568, 351)
18:18:23.117 [Test worker] INFO  manager.ListenerWD - Before FindElement --- By.xpath: //button[text()='Registration']
18:18:23.144 [Test worker] INFO  manager.ListenerWD - After FindElement---By.xpath: //button[text()='Registration']
18:18:23.158 [Test worker] INFO  manager.ListenerWD - Location of element---(818, 421)
18:18:23.208 [Test worker] INFO  manager.ListenerWD - Before FindElementS --- By.xpath: //button[text()='Sign Out']
18:18:24.197 [Test worker] INFO  manager.ListenerWD - After FindElement---By.xpath: //button[text()='Sign Out']
18:18:24.198 [Test worker] INFO  manager.ListenerWD - List of elements 1
18:18:24.198 [Test worker] INFO  manager.ListenerWD - Before FindElement --- By.cssSelector: .contact-page_message__2qafk>h1
18:18:24.510 [Test worker] INFO  manager.ListenerWD - After FindElement---By.cssSelector: .contact-page_message__2qafk>h1
18:18:24.528 [Test worker] INFO  manager.ListenerWD - Location of element---(633, 271)
18:18:24.548 [Test worker] INFO  manager.ListenerWD - Before FindElement --- By.cssSelector: .contact-page_message__2qafk>h1
18:18:24.572 [Test worker] INFO  manager.ListenerWD - After FindElement---By.cssSelector: .contact-page_message__2qafk>h1
18:18:24.585 [Test worker] INFO  manager.ListenerWD - Location of element---(633, 271)
18:18:24.633 [Test worker] INFO  manager.ListenerWD - Before FindElement --- By.cssSelector: .contact-page_message__2qafk>h1
18:18:24.659 [Test worker] INFO  manager.ListenerWD - After FindElement---By.cssSelector: .contact-page_message__2qafk>h1
18:18:24.667 [Test worker] INFO  manager.ListenerWD - Location of element---(633, 271)
18:18:24.678 [Test worker] INFO  manager.ListenerWD - Before FindElementS --- By.xpath: //button[text()='Sign Out']
18:18:24.694 [Test worker] INFO  manager.ListenerWD - After FindElement---By.xpath: //button[text()='Sign Out']
18:18:24.694 [Test worker] INFO  manager.ListenerWD - List of elements 1
18:18:24.695 [Test worker] INFO  tests.TestBase - Name of methodaddNewContactWrongName
18:18:24.697 [Test worker] INFO  manager.ListenerWD - Before FindElement --- By.cssSelector: a[href='/add']
18:18:24.717 [Test worker] INFO  manager.ListenerWD - After FindElement---By.cssSelector: a[href='/add']
18:18:24.728 [Test worker] INFO  manager.ListenerWD - Location of element---(1204, 34)
18:18:24.800 [Test worker] INFO  manager.ListenerWD - Before FindElement --- By.cssSelector: [placeholder='Name']
18:18:24.833 [Test worker] INFO  manager.ListenerWD - After FindElement---By.cssSelector: [placeholder='Name']
18:18:24.845 [Test worker] INFO  manager.ListenerWD - Location of element---(240, 165)
18:18:25.008 [Test worker] INFO  manager.ListenerWD - Before FindElement --- By.cssSelector: [placeholder='Last Name']
18:18:25.031 [Test worker] INFO  manager.ListenerWD - After FindElement---By.cssSelector: [placeholder='Last Name']
18:18:25.041 [Test worker] INFO  manager.ListenerWD - Location of element---(240, 238)
18:18:25.204 [Test worker] INFO  manager.ListenerWD - Before FindElement --- By.cssSelector: [placeholder='Phone']
18:18:25.231 [Test worker] INFO  manager.ListenerWD - After FindElement---By.cssSelector: [placeholder='Phone']
18:18:25.246 [Test worker] INFO  manager.ListenerWD - Location of element---(240, 312)
18:18:25.438 [Test worker] INFO  manager.ListenerWD - Before FindElement --- By.cssSelector: [placeholder='email']
18:18:25.465 [Test worker] INFO  manager.ListenerWD - After FindElement---By.cssSelector: [placeholder='email']
18:18:25.478 [Test worker] INFO  manager.ListenerWD - Location of element---(240, 385)
18:18:25.681 [Test worker] INFO  manager.ListenerWD - Before FindElement --- By.cssSelector: [placeholder='Address']
18:18:25.702 [Test worker] INFO  manager.ListenerWD - After FindElement---By.cssSelector: [placeholder='Address']
18:18:25.711 [Test worker] INFO  manager.ListenerWD - Location of element---(240, 459)
18:18:25.867 [Test worker] INFO  manager.ListenerWD - Before FindElement --- By.cssSelector: [placeholder='description']
18:18:25.888 [Test worker] INFO  manager.ListenerWD - After FindElement---By.cssSelector: [placeholder='description']
18:18:25.901 [Test worker] INFO  manager.ListenerWD - Location of element---(240, 533)
18:18:26.597 [Test worker] INFO  manager.ListenerWD - Before FindElement --- By.cssSelector: .add_form__2rsm2>button
18:18:26.618 [Test worker] INFO  manager.ListenerWD - After FindElement---By.cssSelector: .add_form__2rsm2>button
18:18:26.630 [Test worker] INFO  manager.ListenerWD - Location of element---(242, 606)
18:18:26.819 [Test worker] INFO  manager.ListenerWD - Before FindElement --- By.cssSelector: .add_form__2rsm2>button
18:18:26.838 [Test worker] INFO  manager.ListenerWD - After FindElement---By.cssSelector: .add_form__2rsm2>button
18:18:26.849 [Test worker] INFO  manager.ListenerWD - Location of element---(242, 606)
18:18:26.892 [Test worker] INFO  manager.ListenerWD - Before FindElementS --- By.cssSelector: a.active[href='/add']
18:18:26.915 [Test worker] INFO  manager.ListenerWD - After FindElement---By.cssSelector: a.active[href='/add']
18:18:26.915 [Test worker] INFO  manager.ListenerWD - List of elements 1
18:18:26.918 [Test worker] INFO  tests.TestBase - Name of methodremoveFirstContact
18:18:26.919 [Test worker] INFO  manager.ListenerWD - Before FindElementS --- By.xpath: //button[text()='Sign Out']
18:18:26.937 [Test worker] INFO  manager.ListenerWD - After FindElement---By.xpath: //button[text()='Sign Out']
18:18:26.937 [Test worker] INFO  manager.ListenerWD - List of elements 1
18:18:26.938 [Test worker] INFO  manager.ListenerWD - Before FindElementS --- By.cssSelector: .contact-item_card__2SOIM
18:18:32.008 [Test worker] INFO  manager.ListenerWD - After FindElement---By.cssSelector: .contact-item_card__2SOIM
18:18:32.008 [Test worker] INFO  manager.ListenerWD - List of elements 0
18:18:32.009 [Test worker] INFO  manager.ListenerWD - Before FindElement --- By.cssSelector: a[href='/add']
18:18:32.027 [Test worker] INFO  manager.ListenerWD - After FindElement---By.cssSelector: a[href='/add']
18:18:32.038 [Test worker] INFO  manager.ListenerWD - Location of element---(1189, 33)
18:18:32.094 [Test worker] INFO  manager.ListenerWD - Before FindElement --- By.cssSelector: [placeholder='Name']
18:18:32.115 [Test worker] INFO  manager.ListenerWD - After FindElement---By.cssSelector: [placeholder='Name']
18:18:32.127 [Test worker] INFO  manager.ListenerWD - Location of element---(240, 165)
18:18:32.281 [Test worker] INFO  manager.ListenerWD - Before FindElement --- By.cssSelector: [placeholder='Last Name']
18:18:32.297 [Test worker] INFO  manager.ListenerWD - After FindElement---By.cssSelector: [placeholder='Last Name']
18:18:32.308 [Test worker] INFO  manager.ListenerWD - Location of element---(240, 238)
18:18:32.485 [Test worker] INFO  manager.ListenerWD - Before FindElement --- By.cssSelector: [placeholder='Phone']
18:18:32.500 [Test worker] INFO  manager.ListenerWD - After FindElement---By.cssSelector: [placeholder='Phone']
18:18:32.512 [Test worker] INFO  manager.ListenerWD - Location of element---(240, 312)
18:18:32.701 [Test worker] INFO  manager.ListenerWD - Before FindElement --- By.cssSelector: [placeholder='email']
18:18:32.716 [Test worker] INFO  manager.ListenerWD - After FindElement---By.cssSelector: [placeholder='email']
18:18:32.726 [Test worker] INFO  manager.ListenerWD - Location of element---(240, 385)
18:18:32.919 [Test worker] INFO  manager.ListenerWD - Before FindElement --- By.cssSelector: [placeholder='Address']
18:18:32.934 [Test worker] INFO  manager.ListenerWD - After FindElement---By.cssSelector: [placeholder='Address']
18:18:32.943 [Test worker] INFO  manager.ListenerWD - Location of element---(240, 459)
18:18:33.091 [Test worker] INFO  manager.ListenerWD - Before FindElement --- By.cssSelector: [placeholder='description']
18:18:33.106 [Test worker] INFO  manager.ListenerWD - After FindElement---By.cssSelector: [placeholder='description']
18:18:33.116 [Test worker] INFO  manager.ListenerWD - Location of element---(240, 533)
18:18:33.268 [Test worker] INFO  manager.ListenerWD - Before FindElement --- By.cssSelector: .add_form__2rsm2>button
18:18:33.283 [Test worker] INFO  manager.ListenerWD - After FindElement---By.cssSelector: .add_form__2rsm2>button
18:18:33.292 [Test worker] INFO  manager.ListenerWD - Location of element---(242, 606)
18:18:33.392 [Test worker] INFO  manager.ListenerWD - Before FindElement --- By.cssSelector: .add_form__2rsm2>button
18:18:33.412 [Test worker] INFO  manager.ListenerWD - After FindElement---By.cssSelector: .add_form__2rsm2>button
18:18:33.422 [Test worker] INFO  manager.ListenerWD - Location of element---(242, 606)
18:18:34.463 [Test worker] INFO  manager.ListenerWD - Before FindElement --- By.cssSelector: a[href='/add']
18:18:34.485 [Test worker] INFO  manager.ListenerWD - After FindElement---By.cssSelector: a[href='/add']
18:18:34.497 [Test worker] INFO  manager.ListenerWD - Location of element---(1204, 34)
18:18:34.560 [Test worker] INFO  manager.ListenerWD - Before FindElement --- By.cssSelector: [placeholder='Name']
18:18:34.585 [Test worker] INFO  manager.ListenerWD - After FindElement---By.cssSelector: [placeholder='Name']
18:18:34.598 [Test worker] INFO  manager.ListenerWD - Location of element---(240, 165)
18:18:34.779 [Test worker] INFO  manager.ListenerWD - Before FindElement --- By.cssSelector: [placeholder='Last Name']
18:18:34.794 [Test worker] INFO  manager.ListenerWD - After FindElement---By.cssSelector: [placeholder='Last Name']
18:18:34.806 [Test worker] INFO  manager.ListenerWD - Location of element---(240, 238)
18:18:34.987 [Test worker] INFO  manager.ListenerWD - Before FindElement --- By.cssSelector: [placeholder='Phone']
18:18:35.002 [Test worker] INFO  manager.ListenerWD - After FindElement---By.cssSelector: [placeholder='Phone']
18:18:35.015 [Test worker] INFO  manager.ListenerWD - Location of element---(240, 312)
18:18:35.207 [Test worker] INFO  manager.ListenerWD - Before FindElement --- By.cssSelector: [placeholder='email']
18:18:35.222 [Test worker] INFO  manager.ListenerWD - After FindElement---By.cssSelector: [placeholder='email']
18:18:35.234 [Test worker] INFO  manager.ListenerWD - Location of element---(240, 385)
18:18:35.435 [Test worker] INFO  manager.ListenerWD - Before FindElement --- By.cssSelector: [placeholder='Address']
18:18:35.452 [Test worker] INFO  manager.ListenerWD - After FindElement---By.cssSelector: [placeholder='Address']
18:18:35.463 [Test worker] INFO  manager.ListenerWD - Location of element---(240, 459)
18:18:35.629 [Test worker] INFO  manager.ListenerWD - Before FindElement --- By.cssSelector: [placeholder='description']
18:18:35.646 [Test worker] INFO  manager.ListenerWD - After FindElement---By.cssSelector: [placeholder='description']
18:18:35.659 [Test worker] INFO  manager.ListenerWD - Location of element---(240, 533)
18:18:35.823 [Test worker] INFO  manager.ListenerWD - Before FindElement --- By.cssSelector: .add_form__2rsm2>button
18:18:35.847 [Test worker] INFO  manager.ListenerWD - After FindElement---By.cssSelector: .add_form__2rsm2>button
18:18:35.858 [Test worker] INFO  manager.ListenerWD - Location of element---(242, 606)
18:18:35.948 [Test worker] INFO  manager.ListenerWD - Before FindElement --- By.cssSelector: .add_form__2rsm2>button
18:18:35.966 [Test worker] INFO  manager.ListenerWD - After FindElement---By.cssSelector: .add_form__2rsm2>button
18:18:35.979 [Test worker] INFO  manager.ListenerWD - Location of element---(242, 606)
18:18:37.024 [Test worker] INFO  manager.ListenerWD - Before FindElement --- By.cssSelector: a[href='/add']
18:18:37.053 [Test worker] INFO  manager.ListenerWD - After FindElement---By.cssSelector: a[href='/add']
18:18:37.068 [Test worker] INFO  manager.ListenerWD - Location of element---(1204, 34)
18:18:37.128 [Test worker] INFO  manager.ListenerWD - Before FindElement --- By.cssSelector: [placeholder='Name']
18:18:37.147 [Test worker] INFO  manager.ListenerWD - After FindElement---By.cssSelector: [placeholder='Name']
18:18:37.160 [Test worker] INFO  manager.ListenerWD - Location of element---(240, 165)
18:18:37.345 [Test worker] INFO  manager.ListenerWD - Before FindElement --- By.cssSelector: [placeholder='Last Name']
18:18:37.360 [Test worker] INFO  manager.ListenerWD - After FindElement---By.cssSelector: [placeholder='Last Name']
18:18:37.372 [Test worker] INFO  manager.ListenerWD - Location of element---(240, 238)
18:18:37.547 [Test worker] INFO  manager.ListenerWD - Before FindElement --- By.cssSelector: [placeholder='Phone']
18:18:37.562 [Test worker] INFO  manager.ListenerWD - After FindElement---By.cssSelector: [placeholder='Phone']
18:18:37.573 [Test worker] INFO  manager.ListenerWD - Location of element---(240, 312)
18:18:37.751 [Test worker] INFO  manager.ListenerWD - Before FindElement --- By.cssSelector: [placeholder='email']
18:18:37.766 [Test worker] INFO  manager.ListenerWD - After FindElement---By.cssSelector: [placeholder='email']
18:18:37.778 [Test worker] INFO  manager.ListenerWD - Location of element---(240, 385)
18:18:37.991 [Test worker] INFO  manager.ListenerWD - Before FindElement --- By.cssSelector: [placeholder='Address']
18:18:38.008 [Test worker] INFO  manager.ListenerWD - After FindElement---By.cssSelector: [placeholder='Address']
18:18:38.019 [Test worker] INFO  manager.ListenerWD - Location of element---(240, 459)
18:18:38.166 [Test worker] INFO  manager.ListenerWD - Before FindElement --- By.cssSelector: [placeholder='description']
18:18:38.181 [Test worker] INFO  manager.ListenerWD - After FindElement---By.cssSelector: [placeholder='description']
18:18:38.193 [Test worker] INFO  manager.ListenerWD - Location of element---(240, 533)
18:18:38.353 [Test worker] INFO  manager.ListenerWD - Before FindElement --- By.cssSelector: .add_form__2rsm2>button
18:18:38.367 [Test worker] INFO  manager.ListenerWD - After FindElement---By.cssSelector: .add_form__2rsm2>button
18:18:38.380 [Test worker] INFO  manager.ListenerWD - Location of element---(242, 606)
18:18:38.462 [Test worker] INFO  manager.ListenerWD - Before FindElement --- By.cssSelector: .add_form__2rsm2>button
18:18:38.481 [Test worker] INFO  manager.ListenerWD - After FindElement---By.cssSelector: .add_form__2rsm2>button
18:18:38.492 [Test worker] INFO  manager.ListenerWD - Location of element---(242, 606)
18:18:39.538 [Test worker] INFO  manager.ListenerWD - Before FindElementS --- By.cssSelector: .contact-item_card__2SOIM
18:18:39.647 [Test worker] INFO  manager.ListenerWD - After FindElement---By.cssSelector: .contact-item_card__2SOIM
18:18:39.647 [Test worker] INFO  manager.ListenerWD - List of elements 3
18:18:39.648 [Test worker] INFO  manager.HelperBase - Number of contacts list before remove is 3
18:18:39.648 [Test worker] INFO  manager.ListenerWD - Before FindElement --- By.cssSelector: .contact-item_card__2SOIM
18:18:39.667 [Test worker] INFO  manager.ListenerWD - After FindElement---By.cssSelector: .contact-item_card__2SOIM
18:18:39.681 [Test worker] INFO  manager.ListenerWD - Location of element---(230, 150)
18:18:39.729 [Test worker] INFO  manager.ListenerWD - Before FindElement --- By.xpath: //button[text()='Remove']
18:18:39.756 [Test worker] INFO  manager.ListenerWD - After FindElement---By.xpath: //button[text()='Remove']
18:18:39.768 [Test worker] INFO  manager.ListenerWD - Location of element---(736, 371)
18:18:40.816 [Test worker] INFO  manager.ListenerWD - Before FindElementS --- By.cssSelector: .contact-item_card__2SOIM
18:18:40.843 [Test worker] INFO  manager.ListenerWD - After FindElement---By.cssSelector: .contact-item_card__2SOIM
18:18:40.844 [Test worker] INFO  manager.ListenerWD - List of elements 2
18:18:40.844 [Test worker] INFO  manager.HelperBase - Number of contacts list after remove is 2
