21:16:37.982 [Test worker] INFO  manager.ApplicationManager - All tests run in Chrome
21:16:39.859 [Test worker] INFO  manager.ApplicationManager - The link--->https://telranedu.web.app/home
21:16:39.894 [Test worker] INFO  manager.ListenerWD - Before FindElementS --- By.xpath: //button[text()='Sign Out']
21:16:44.935 [Test worker] INFO  manager.ListenerWD - After FindElement---By.xpath: //button[text()='Sign Out']
21:16:44.942 [Test worker] INFO  manager.ListenerWD - List of elements 0
21:16:44.944 [Test worker] INFO  manager.ListenerWD - Before FindElement --- By.cssSelector: a[href='/login']
21:16:44.992 [Test worker] INFO  manager.ListenerWD - After FindElement---By.cssSelector: a[href='/login']
21:16:45.010 [Test worker] INFO  manager.ListenerWD - Location of element---(1426, 34)
21:16:45.094 [Test worker] INFO  manager.ListenerWD - Before FindElement --- By.name: email
21:16:45.181 [Test worker] INFO  manager.ListenerWD - After FindElement---By.name: email
21:16:45.218 [Test worker] INFO  manager.ListenerWD - Location of element---(568, 250)
21:16:45.488 [Test worker] INFO  manager.ListenerWD - Before FindElement --- By.xpath: //input[last()]
21:16:45.520 [Test worker] INFO  manager.ListenerWD - After FindElement---By.xpath: //input[last()]
21:16:45.532 [Test worker] INFO  manager.ListenerWD - Location of element---(568, 320)
21:16:45.713 [Test worker] INFO  manager.ListenerWD - Before FindElement --- By.xpath: //button[text()='Login']
21:16:45.742 [Test worker] INFO  manager.ListenerWD - After FindElement---By.xpath: //button[text()='Login']
21:16:45.755 [Test worker] INFO  manager.ListenerWD - Location of element---(568, 390)
21:16:45.831 [Test worker] INFO  tests.TestBase - Name of methodaddContactSuccessRequiredFields
21:16:45.867 [Test worker] INFO  manager.ListenerWD - Before FindElement --- By.cssSelector: a[href='/add']
21:16:46.849 [Test worker] INFO  manager.ListenerWD - After FindElement---By.cssSelector: a[href='/add']
21:16:46.868 [Test worker] INFO  manager.ListenerWD - Location of element---(1191, 34)
21:16:46.936 [Test worker] INFO  manager.ListenerWD - Before FindElement --- By.cssSelector: [placeholder='Name']
21:16:46.965 [Test worker] INFO  manager.ListenerWD - After FindElement---By.cssSelector: [placeholder='Name']
21:16:46.980 [Test worker] INFO  manager.ListenerWD - Location of element---(240, 165)
21:16:47.158 [Test worker] INFO  manager.ListenerWD - Before FindElement --- By.cssSelector: [placeholder='Last Name']
21:16:47.187 [Test worker] INFO  manager.ListenerWD - After FindElement---By.cssSelector: [placeholder='Last Name']
21:16:47.202 [Test worker] INFO  manager.ListenerWD - Location of element---(240, 238)
21:16:47.376 [Test worker] INFO  manager.ListenerWD - Before FindElement --- By.cssSelector: [placeholder='Phone']
21:16:47.405 [Test worker] INFO  manager.ListenerWD - After FindElement---By.cssSelector: [placeholder='Phone']
21:16:47.418 [Test worker] INFO  manager.ListenerWD - Location of element---(240, 312)
21:16:47.609 [Test worker] INFO  manager.ListenerWD - Before FindElement --- By.cssSelector: [placeholder='email']
21:16:47.639 [Test worker] INFO  manager.ListenerWD - After FindElement---By.cssSelector: [placeholder='email']
21:16:47.651 [Test worker] INFO  manager.ListenerWD - Location of element---(240, 385)
21:16:47.859 [Test worker] INFO  manager.ListenerWD - Before FindElement --- By.cssSelector: [placeholder='Address']
21:16:47.888 [Test worker] INFO  manager.ListenerWD - After FindElement---By.cssSelector: [placeholder='Address']
21:16:47.906 [Test worker] INFO  manager.ListenerWD - Location of element---(240, 459)
21:16:48.059 [Test worker] INFO  manager.ListenerWD - Before FindElement --- By.cssSelector: [placeholder='description']
21:16:48.083 [Test worker] INFO  manager.ListenerWD - After FindElement---By.cssSelector: [placeholder='description']
21:16:48.093 [Test worker] INFO  manager.ListenerWD - Location of element---(240, 533)
21:16:48.274 [Test worker] INFO  manager.ListenerWD - Before FindElement --- By.cssSelector: .add_form__2rsm2>button
21:16:48.298 [Test worker] INFO  manager.ListenerWD - After FindElement---By.cssSelector: .add_form__2rsm2>button
21:16:48.310 [Test worker] INFO  manager.ListenerWD - Location of element---(242, 606)
21:16:48.477 [Test worker] INFO  manager.ListenerWD - Before FindElement --- By.cssSelector: .add_form__2rsm2>button
21:16:48.500 [Test worker] INFO  manager.ListenerWD - After FindElement---By.cssSelector: .add_form__2rsm2>button
21:16:48.513 [Test worker] INFO  manager.ListenerWD - Location of element---(242, 606)
21:16:48.559 [Test worker] INFO  manager.ListenerWD - Before FindElementS --- By.cssSelector: h2
21:16:49.224 [Test worker] INFO  manager.ListenerWD - After FindElement---By.cssSelector: h2
21:16:49.224 [Test worker] INFO  manager.ListenerWD - List of elements 5
21:16:49.252 [Test worker] INFO  manager.ListenerWD - Before FindElementS --- By.cssSelector: h3
21:16:49.309 [Test worker] INFO  manager.ListenerWD - After FindElement---By.cssSelector: h3
21:16:49.309 [Test worker] INFO  manager.ListenerWD - List of elements 5
21:16:49.331 [Test worker] INFO  tests.TestBase - Name of methodaddContactSuccessRequiredFields
21:16:49.332 [Test worker] INFO  manager.ListenerWD - Before FindElement --- By.cssSelector: a[href='/add']
21:16:49.351 [Test worker] INFO  manager.ListenerWD - After FindElement---By.cssSelector: a[href='/add']
21:16:49.361 [Test worker] INFO  manager.ListenerWD - Location of element---(1204, 34)
21:16:49.417 [Test worker] INFO  manager.ListenerWD - Before FindElement --- By.cssSelector: [placeholder='Name']
21:16:49.441 [Test worker] INFO  manager.ListenerWD - After FindElement---By.cssSelector: [placeholder='Name']
21:16:49.454 [Test worker] INFO  manager.ListenerWD - Location of element---(240, 165)
21:16:49.634 [Test worker] INFO  manager.ListenerWD - Before FindElement --- By.cssSelector: [placeholder='Last Name']
21:16:49.670 [Test worker] INFO  manager.ListenerWD - After FindElement---By.cssSelector: [placeholder='Last Name']
21:16:49.682 [Test worker] INFO  manager.ListenerWD - Location of element---(240, 238)
21:16:49.840 [Test worker] INFO  manager.ListenerWD - Before FindElement --- By.cssSelector: [placeholder='Phone']
21:16:49.857 [Test worker] INFO  manager.ListenerWD - After FindElement---By.cssSelector: [placeholder='Phone']
21:16:49.869 [Test worker] INFO  manager.ListenerWD - Location of element---(240, 312)
21:16:50.052 [Test worker] INFO  manager.ListenerWD - Before FindElement --- By.cssSelector: [placeholder='email']
21:16:50.069 [Test worker] INFO  manager.ListenerWD - After FindElement---By.cssSelector: [placeholder='email']
21:16:50.081 [Test worker] INFO  manager.ListenerWD - Location of element---(240, 385)
21:16:50.288 [Test worker] INFO  manager.ListenerWD - Before FindElement --- By.cssSelector: [placeholder='Address']
21:16:50.304 [Test worker] INFO  manager.ListenerWD - After FindElement---By.cssSelector: [placeholder='Address']
21:16:50.316 [Test worker] INFO  manager.ListenerWD - Location of element---(240, 459)
21:16:50.486 [Test worker] INFO  manager.ListenerWD - Before FindElement --- By.cssSelector: [placeholder='description']
21:16:50.505 [Test worker] INFO  manager.ListenerWD - After FindElement---By.cssSelector: [placeholder='description']
21:16:50.517 [Test worker] INFO  manager.ListenerWD - Location of element---(240, 533)
21:16:50.654 [Test worker] INFO  manager.ListenerWD - Before FindElement --- By.cssSelector: .add_form__2rsm2>button
21:16:50.677 [Test worker] INFO  manager.ListenerWD - After FindElement---By.cssSelector: .add_form__2rsm2>button
21:16:50.690 [Test worker] INFO  manager.ListenerWD - Location of element---(242, 606)
21:16:50.806 [Test worker] INFO  manager.ListenerWD - Before FindElement --- By.cssSelector: .add_form__2rsm2>button
21:16:50.831 [Test worker] INFO  manager.ListenerWD - After FindElement---By.cssSelector: .add_form__2rsm2>button
21:16:50.840 [Test worker] INFO  manager.ListenerWD - Location of element---(242, 606)
21:16:50.880 [Test worker] INFO  manager.ListenerWD - Before FindElementS --- By.cssSelector: h2
21:16:51.389 [Test worker] INFO  manager.ListenerWD - After FindElement---By.cssSelector: h2
21:16:51.389 [Test worker] INFO  manager.ListenerWD - List of elements 6
21:16:51.425 [Test worker] INFO  manager.ListenerWD - Before FindElementS --- By.cssSelector: h3
21:16:51.473 [Test worker] INFO  manager.ListenerWD - After FindElement---By.cssSelector: h3
21:16:51.474 [Test worker] INFO  manager.ListenerWD - List of elements 6
